REQUEST | 2026-05-27 16:01:22 | admin | URL=/ | GET
RESPONSE | 2026-05-27 16:01:22 | admin | URL=/ | 200 
REQUEST | 2026-05-27 16:01:23 | admin | URL=/tables/ | GET 
RESPONSE | 2026-05-27 16:01:23 | admin | URL=/tables/ | 200 
REQUEST | 2026-05-27 16:01:26 | admin | URL=/reservation/book_a_table/7 | GET 
RESPONSE | 2026-05-27 16:01:26 | admin | URL=/reservation/book_a_table/7 | 200 
REQUEST | 2026-05-27 16:01:27 | admin | URL=/tables/favorites | GET 
RESPONSE | 2026-05-27 16:01:27 | admin | URL=/tables/favorites | 200 
REQUEST | 2026-05-27 16:01:29 | admin | URL=/tables/favorites/43 | POST 
RESPONSE | 2026-05-27 16:01:29 | admin | URL=/tables/favorites/43 | 302 
REQUEST | 2026-05-27 16:01:29 | admin | URL=/tables/favorites | GET 
RESPONSE | 2026-05-27 16:01:29 | admin | URL=/tables/favorites | 200 
REQUEST | 2026-05-27 16:01:30 | admin | URL=/reservation/list_booked_tables | GET 
RESPONSE | 2026-05-27 16:01:31 | admin | URL=/reservation/list_booked_tables | 200 
REQUEST | 2026-05-27 16:01:32 | admin | URL=/tables/ | GET 
RESPONSE | 2026-05-27 16:01:32 | admin | URL=/tables/ | 200 
REQUEST | 2026-05-27 16:01:36 | admin | URL=/tables/favorites/42 | POST 
RESPONSE | 2026-05-27 16:01:36 | admin | URL=/tables/favorites/42 | 302 
REQUEST | 2026-05-27 16:01:36 | admin | URL=/tables/ | GET 
RESPONSE | 2026-05-27 16:01:36 | admin | URL=/tables/ | 200 
REQUEST | 2026-05-27 16:01:38 | admin | URL=/tables/favorites/43 | POST 
RESPONSE | 2026-05-27 16:01:38 | admin | URL=/tables/favorites/43 | 302 
REQUEST | 2026-05-27 16:01:38 | admin | URL=/tables/ | GET 
RESPONSE | 2026-05-27 16:01:38 | admin | URL=/tables/ | 200 
REQUEST | 2026-05-27 16:01:51 | admin | URL=/reservation/list_booked_tables | GET 
RESPONSE | 2026-05-27 16:01:52 | admin | URL=/reservation/list_booked_tables | 200 
REQUEST | 2026-05-27 16:01:52 | admin | URL=/tables/ | GET 
RESPONSE | 2026-05-27 16:01:52 | admin | URL=/tables/ | 200 
REQUEST | 2026-05-27 16:01:55 | admin | URL=/tables/?search=wdf&seats= | GET 
RESPONSE | 2026-05-27 16:01:55 | admin | URL=/tables/?search=wdf&seats= | 200 
REQUEST | 2026-05-27 16:02:01 | admin | URL=/tables/?search=wdf&seats=6 | GET 
RESPONSE | 2026-05-27 16:02:01 | admin | URL=/tables/?search=wdf&seats=6 | 200 
REQUEST | 2026-05-27 16:02:03 | admin | URL=/tables/?search=wdf&seats=6 | GET 
RESPONSE | 2026-05-27 16:02:03 | admin | URL=/tables/?search=wdf&seats=6 | 200 
REQUEST | 2026-05-27 16:02:04 | admin | URL=/tables/?search=wdf&seats=6 | GET 
RESPONSE | 2026-05-27 16:02:04 | admin | URL=/tables/?search=wdf&seats=6 | 200 
REQUEST | 2026-05-27 16:02:07 | admin | URL=/tables/?search=&seats=6 | GET 
RESPONSE | 2026-05-27 16:02:07 | admin | URL=/tables/?search=&seats=6 | 200 
REQUEST | 2026-05-27 16:02:14 | admin | URL=/tables/?page=2 | GET 
RESPONSE | 2026-05-27 16:02:14 | admin | URL=/tables/?page=2 | 200 
REQUEST | 2026-05-27 16:02:17 | admin | URL=/tables/?page=834 | GET 
RESPONSE | 2026-05-27 16:02:17 | admin | URL=/tables/?page=834 | 200 
REQUEST | 2026-05-27 16:02:18 | admin | URL=/tables/?page=1 | GET 
RESPONSE | 2026-05-27 16:02:19 | admin | URL=/tables/?page=1 | 200 
REQUEST | 2026-05-27 16:02:51 | admin | URL=/reservation/list_booked_tables | GET 
RESPONSE | 2026-05-27 16:02:51 | admin | URL=/reservation/list_booked_tables | 200 
REQUEST | 2026-05-27 16:02:52 | admin | URL=/ | GET 
RESPONSE | 2026-05-27 16:02:52 | admin | URL=/ | 200 
REQUEST | 2026-05-27 16:02:54 | admin | URL=/tables/ | GET 
RESPONSE | 2026-05-27 16:02:54 | admin | URL=/tables/ | 200 
REQUEST | 2026-05-27 16:02:55 | admin | URL=/reservation/list_booked_tables | GET 
RESPONSE | 2026-05-27 16:02:55 | admin | URL=/reservation/list_booked_tables | 200 
REQUEST | 2026-05-27 16:02:56 | admin | URL=/tables/favorites | GET 
RESPONSE | 2026-05-27 16:02:56 | admin | URL=/tables/favorites | 200 
REQUEST | 2026-05-27 16:03:09 | admin | URL=/ | GET 
RESPONSE | 2026-05-27 16:03:09 | admin | URL=/ | 200 
REQUEST | 2026-05-27 16:03:12 | admin | URL=/tables/ | GET 
RESPONSE | 2026-05-27 16:03:12 | admin | URL=/tables/ | 200 
REQUEST | 2026-05-27 16:03:13 | admin | URL=/reservation/list_booked_tables | GET 
RESPONSE | 2026-05-27 16:03:13 | admin | URL=/reservation/list_booked_tables | 200 
REQUEST | 2026-05-27 16:03:14 | admin | URL=/tables/favorites | GET 
RESPONSE | 2026-05-27 16:03:15 | admin | URL=/tables/favorites | 200 
REQUEST | 2026-05-27 16:10:17 | admin | URL=/ | GET 
RESPONSE | 2026-05-27 16:10:18 | admin | URL=/ | 200 
REQUEST | 2026-05-27 16:11:09 | admin | URL=/ | GET 
RESPONSE | 2026-05-27 16:11:10 | admin | URL=/ | 200 
REQUEST | 2026-05-27 16:11:16 | admin | URL=/ | GET 
RESPONSE | 2026-05-27 16:11:16 | admin | URL=/ | 200 
REQUEST | 2026-05-27 16:11:18 | admin | URL=/reservation/list_booked_tables | GET 
RESPONSE | 2026-05-27 16:11:18 | admin | URL=/reservation/list_booked_tables | 200 
REQUEST | 2026-05-27 16:11:19 | admin | URL=/tables/ | GET 
RESPONSE | 2026-05-27 16:11:19 | admin | URL=/tables/ | 200 
REQUEST | 2026-05-27 16:11:20 | admin | URL=/reservation/book_a_table/7 | GET 
RESPONSE | 2026-05-27 16:11:20 | admin | URL=/reservation/book_a_table/7 | 200 
REQUEST | 2026-05-27 16:11:32 | admin | URL=/reservation/book_a_table/7 | POST 
RESPONSE | 2026-05-27 16:11:32 | admin | URL=/reservation/book_a_table/7 | 500 
REQUEST | 2026-05-27 16:11:53 | admin | URL=/reservation/book_a_table/7 | POST 
RESPONSE | 2026-05-27 16:11:53 | admin | URL=/reservation/book_a_table/7 | 200 
REQUEST | 2026-05-27 16:11:58 | admin | URL=/reservation/book_a_table/7 | POST 
RESPONSE | 2026-05-27 16:11:58 | admin | URL=/reservation/book_a_table/7 | 302 
REQUEST | 2026-05-27 16:11:58 | admin | URL=/reservation/list_booked_tables | GET 
RESPONSE | 2026-05-27 16:11:58 | admin | URL=/reservation/list_booked_tables | 200 
REQUEST | 2026-05-27 16:12:10 | admin | URL=/ | GET 
RESPONSE | 2026-05-27 16:12:10 | admin | URL=/ | 200 
REQUEST | 2026-05-27 16:13:41 | admin | URL=/reservation/list_booked_tables | GET 
RESPONSE | 2026-05-27 16:13:42 | admin | URL=/reservation/list_booked_tables | 200 
REQUEST | 2026-05-27 16:13:42 | admin | URL=/tables/ | GET 
RESPONSE | 2026-05-27 16:13:42 | admin | URL=/tables/ | 200 
REQUEST | 2026-05-27 16:13:45 | admin | URL=/reservation/book_a_table/42 | GET 
RESPONSE | 2026-05-27 16:13:45 | admin | URL=/reservation/book_a_table/42 | 200 
REQUEST | 2026-05-27 16:13:54 | admin | URL=/reservation/book_a_table/42 | POST 
RESPONSE | 2026-05-27 16:13:54 | admin | URL=/reservation/book_a_table/42 | 302 
REQUEST | 2026-05-27 16:13:54 | admin | URL=/reservation/list_booked_tables | GET 
RESPONSE | 2026-05-27 16:13:55 | admin | URL=/reservation/list_booked_tables | 200 
REQUEST | 2026-05-27 16:13:57 | admin | URL=/ | GET 
RESPONSE | 2026-05-27 16:13:58 | admin | URL=/ | 200 
REQUEST | 2026-05-27 16:14:11 | admin | URL=/reservation/list_booked_tables | GET 
RESPONSE | 2026-05-27 16:14:12 | admin | URL=/reservation/list_booked_tables | 200 
REQUEST | 2026-05-27 16:14:14 | admin | URL=/tables/ | GET 
RESPONSE | 2026-05-27 16:14:14 | admin | URL=/tables/ | 200 
REQUEST | 2026-05-27 16:14:18 | admin | URL=/reservation/list_booked_tables | GET 
RESPONSE | 2026-05-27 16:14:18 | admin | URL=/reservation/list_booked_tables | 200 
REQUEST | 2026-05-27 16:14:51 | admin | URL=/tables/ | GET 
RESPONSE | 2026-05-27 16:14:51 | admin | URL=/tables/ | 200 
REQUEST | 2026-05-27 16:14:52 | admin | URL=/reservation/list_booked_tables | GET 
RESPONSE | 2026-05-27 16:14:52 | admin | URL=/reservation/list_booked_tables | 200 
REQUEST | 2026-05-27 16:14:53 | admin | URL=/ | GET 
RESPONSE | 2026-05-27 16:14:53 | admin | URL=/ | 200 
REQUEST | 2026-05-27 16:14:56 | admin | URL=/tables/ | GET 
RESPONSE | 2026-05-27 16:14:56 | admin | URL=/tables/ | 200 
REQUEST | 2026-05-27 16:14:58 | admin | URL=/reservation/book_a_table/23 | GET 
RESPONSE | 2026-05-27 16:14:58 | admin | URL=/reservation/book_a_table/23 | 200 
REQUEST | 2026-05-27 16:15:05 | admin | URL=/reservation/book_a_table/23 | POST 
RESPONSE | 2026-05-27 16:15:05 | admin | URL=/reservation/book_a_table/23 | 200 
REQUEST | 2026-05-27 16:15:11 | admin | URL=/reservation/book_a_table/23 | POST 
RESPONSE | 2026-05-27 16:15:11 | admin | URL=/reservation/book_a_table/23 | 200 
REQUEST | 2026-05-27 16:15:17 | admin | URL=/reservation/book_a_table/23 | POST 
RESPONSE | 2026-05-27 16:15:17 | admin | URL=/reservation/book_a_table/23 | 302 
REQUEST | 2026-05-27 16:15:17 | admin | URL=/reservation/list_booked_tables | GET 
RESPONSE | 2026-05-27 16:15:18 | admin | URL=/reservation/list_booked_tables | 200 
REQUEST | 2026-05-27 16:15:20 | admin | URL=/ | GET 
RESPONSE | 2026-05-27 16:15:20 | admin | URL=/ | 200 
REQUEST | 2026-05-27 16:15:22 | admin | URL=/ | GET 
RESPONSE | 2026-05-27 16:15:22 | admin | URL=/ | 200 
REQUEST | 2026-05-27 16:15:56 | admin | URL=/ | GET 
RESPONSE | 2026-05-27 16:15:57 | admin | URL=/ | 200 
REQUEST | 2026-05-27 16:16:07 | admin | URL=/reservation/list_booked_tables | GET 
RESPONSE | 2026-05-27 16:16:07 | admin | URL=/reservation/list_booked_tables | 200 
REQUEST | 2026-05-27 16:16:09 | admin | URL=/tables/ | GET 
RESPONSE | 2026-05-27 16:16:09 | admin | URL=/tables/ | 200 
REQUEST | 2026-05-27 16:16:10 | admin | URL=/reservation/list_booked_tables | GET 
RESPONSE | 2026-05-27 16:16:10 | admin | URL=/reservation/list_booked_tables | 200 
REQUEST | 2026-05-27 16:16:11 | admin | URL=/tables/favorites | GET 
RESPONSE | 2026-05-27 16:16:11 | admin | URL=/tables/favorites | 200 
REQUEST | 2026-05-27 16:16:12 | admin | URL=/reservation/list_booked_tables | GET 
RESPONSE | 2026-05-27 16:16:12 | admin | URL=/reservation/list_booked_tables | 200 
REQUEST | 2026-05-27 16:16:14 | admin | URL=/tables/favorites | GET 
RESPONSE | 2026-05-27 16:16:14 | admin | URL=/tables/favorites | 200 
REQUEST | 2026-05-27 16:16:15 | admin | URL=/tables/ | GET 
RESPONSE | 2026-05-27 16:16:15 | admin | URL=/tables/ | 200 
REQUEST | 2026-05-27 16:16:16 | admin | URL=/reservation/list_booked_tables | GET 
RESPONSE | 2026-05-27 16:16:16 | admin | URL=/reservation/list_booked_tables | 200 
REQUEST | 2026-05-27 16:16:17 | admin | URL=/tables/ | GET 
RESPONSE | 2026-05-27 16:16:17 | admin | URL=/tables/ | 200 
REQUEST | 2026-05-27 16:16:20 | admin | URL=/tables/?page=834 | GET 
RESPONSE | 2026-05-27 16:16:21 | admin | URL=/tables/?page=834 | 200 
REQUEST | 2026-05-27 16:16:22 | admin | URL=/reservation/book_a_table/9999 | GET 
RESPONSE | 2026-05-27 16:16:22 | admin | URL=/reservation/book_a_table/9999 | 200 
REQUEST | 2026-05-27 16:16:29 | admin | URL=/reservation/book_a_table/9999 | POST 
RESPONSE | 2026-05-27 16:16:29 | admin | URL=/reservation/book_a_table/9999 | 200 
REQUEST | 2026-05-27 16:16:36 | admin | URL=/reservation/book_a_table/9999 | POST 
RESPONSE | 2026-05-27 16:16:36 | admin | URL=/reservation/book_a_table/9999 | 302 
REQUEST | 2026-05-27 16:16:36 | admin | URL=/reservation/list_booked_tables | GET 
RESPONSE | 2026-05-27 16:16:36 | admin | URL=/reservation/list_booked_tables | 200 
REQUEST | 2026-05-27 16:17:13 | admin | URL=/reservation/list_booked_tables/delete/462 | POST 
RESPONSE | 2026-05-27 16:17:14 | admin | URL=/reservation/list_booked_tables/delete/462 | 302 
REQUEST | 2026-05-27 16:17:14 | admin | URL=/reservation/list_booked_tables | GET 
RESPONSE | 2026-05-27 16:17:14 | admin | URL=/reservation/list_booked_tables | 200 
REQUEST | 2026-05-27 16:17:15 | admin | URL=/reservation/list_booked_tables/delete/1179 | POST 
RESPONSE | 2026-05-27 16:17:16 | admin | URL=/reservation/list_booked_tables/delete/1179 | 302 
REQUEST | 2026-05-27 16:17:16 | admin | URL=/reservation/list_booked_tables | GET 
RESPONSE | 2026-05-27 16:17:16 | admin | URL=/reservation/list_booked_tables | 200 
REQUEST | 2026-05-27 16:17:18 | admin | URL=/__debug__/render_panel/?request_id=1caf77532a354b138cdbd475be172bc0&panel_id=SQLPanel | GET 
RESPONSE | 2026-05-27 16:17:19 | admin | URL=/__debug__/render_panel/?request_id=1caf77532a354b138cdbd475be172bc0&panel_id=SQLPanel | 200 
REQUEST | 2026-05-27 16:29:31 | admin | URL=/reservation/list_booked_tables | GET 
RESPONSE | 2026-05-27 16:29:31 | admin | URL=/reservation/list_booked_tables | 200 
REQUEST | 2026-05-27 16:29:33 | admin | URL=/tables/ | GET 
RESPONSE | 2026-05-27 16:29:33 | admin | URL=/tables/ | 200 
REQUEST | 2026-05-27 16:29:36 | admin | URL=/reservation/book_a_table/43 | GET 
RESPONSE | 2026-05-27 16:29:36 | admin | URL=/reservation/book_a_table/43 | 200 
REQUEST | 2026-05-27 16:30:26 | admin | URL=/reservation/book_a_table/43 | POST 
RESPONSE | 2026-05-27 16:30:26 | admin | URL=/reservation/book_a_table/43 | 200 
REQUEST | 2026-05-27 16:30:35 | admin | URL=/reservation/book_a_table/43 | POST 
RESPONSE | 2026-05-27 16:30:35 | admin | URL=/reservation/book_a_table/43 | 302 
REQUEST | 2026-05-27 16:30:35 | admin | URL=/reservation/list_booked_tables | GET 
RESPONSE | 2026-05-27 16:30:35 | admin | URL=/reservation/list_booked_tables | 200 
REQUEST | 2026-05-27 16:30:57 | admin | URL=/ | GET 
RESPONSE | 2026-05-27 16:30:57 | admin | URL=/ | 200 
REQUEST | 2026-05-27 16:31:19 | admin | URL=/tables/favorites | GET 
RESPONSE | 2026-05-27 16:31:19 | admin | URL=/tables/favorites | 200 
REQUEST | 2026-05-27 16:31:24 | admin | URL=/reservation/list_booked_tables | GET 
RESPONSE | 2026-05-27 16:31:24 | admin | URL=/reservation/list_booked_tables | 200 
REQUEST | 2026-05-27 16:31:26 | admin | URL=/tables/ | GET 
RESPONSE | 2026-05-27 16:31:26 | admin | URL=/tables/ | 200 
REQUEST | 2026-05-27 16:31:28 | admin | URL=/reservation/book_a_table/7 | GET 
RESPONSE | 2026-05-27 16:31:28 | admin | URL=/reservation/book_a_table/7 | 200 
REQUEST | 2026-05-27 16:31:38 | admin | URL=/reservation/book_a_table/7 | POST 
RESPONSE | 2026-05-27 16:31:38 | admin | URL=/reservation/book_a_table/7 | 302 
REQUEST | 2026-05-27 16:32:15 | admin | URL=/reservation/book_a_table/7 | POST 
RESPONSE | 2026-05-27 16:32:15 | admin | URL=/reservation/book_a_table/7 | 200 
REQUEST | 2026-05-27 16:32:22 | admin | URL=/reservation/book_a_table/7 | POST 
RESPONSE | 2026-05-27 16:32:22 | admin | URL=/reservation/book_a_table/7 | 302 
REQUEST | 2026-05-27 16:32:22 | admin | URL=/reservation/list_booked_tables | GET 
RESPONSE | 2026-05-27 16:32:22 | admin | URL=/reservation/list_booked_tables | 200 
REQUEST | 2026-05-27 16:34:39 | admin | URL=/tables/ | GET 
RESPONSE | 2026-05-27 16:34:40 | admin | URL=/tables/ | 200 
REQUEST | 2026-05-27 16:34:42 | admin | URL=/reservation/book_a_table/42 | GET 
RESPONSE | 2026-05-27 16:34:43 | admin | URL=/reservation/book_a_table/42 | 200 
REQUEST | 2026-05-27 16:34:51 | admin | URL=/reservation/book_a_table/42 | POST 
RESPONSE | 2026-05-27 16:34:51 | admin | URL=/reservation/book_a_table/42 | 302 
REQUEST | 2026-05-27 16:37:30 | admin | URL=/reservation/book_a_table/42 | POST 
RESPONSE | 2026-05-27 16:37:31 | admin | URL=/reservation/book_a_table/42 | 302 
REQUEST | 2026-05-27 16:37:31 | admin | URL=/reservation/list_booked_tables | GET 
RESPONSE | 2026-05-27 16:37:32 | admin | URL=/reservation/list_booked_tables | 200 
REQUEST | 2026-05-27 16:37:39 | admin | URL=/ | GET 
RESPONSE | 2026-05-27 16:37:39 | admin | URL=/ | 200 
REQUEST | 2026-05-27 16:38:49 | admin | URL=/reservation/list_booked_tables | GET 
RESPONSE | 2026-05-27 16:38:50 | admin | URL=/reservation/list_booked_tables | 200 
REQUEST | 2026-05-27 16:39:58 | admin | URL=/reservation/list_booked_tables | GET 
RESPONSE | 2026-05-27 16:39:59 | admin | URL=/reservation/list_booked_tables | 200 
REQUEST | 2026-05-27 16:40:00 | admin | URL=/tables/ | GET 
RESPONSE | 2026-05-27 16:40:00 | admin | URL=/tables/ | 200 
REQUEST | 2026-05-27 16:40:02 | admin | URL=/reservation/book_a_table/42 | GET 
RESPONSE | 2026-05-27 16:40:02 | admin | URL=/reservation/book_a_table/42 | 200 
REQUEST | 2026-05-27 16:40:17 | admin | URL=/reservation/book_a_table/42 | POST 
RESPONSE | 2026-05-27 16:40:17 | admin | URL=/reservation/book_a_table/42 | 200 
REQUEST | 2026-05-27 16:40:23 | admin | URL=/reservation/book_a_table/42 | POST 
RESPONSE | 2026-05-27 16:40:23 | admin | URL=/reservation/book_a_table/42 | 302 
REQUEST | 2026-05-27 16:40:24 | admin | URL=/reservation/list_booked_tables | GET 
RESPONSE | 2026-05-27 16:40:24 | admin | URL=/reservation/list_booked_tables | 200 
REQUEST | 2026-05-27 16:40:27 | admin | URL=/ | GET 
RESPONSE | 2026-05-27 16:40:27 | admin | URL=/ | 200 
REQUEST | 2026-05-27 16:41:11 | admin | URL=/tables/ | GET 
RESPONSE | 2026-05-27 16:41:11 | admin | URL=/tables/ | 200 
REQUEST | 2026-05-27 16:41:18 | admin | URL=/reservation/book_a_table/43 | GET 
RESPONSE | 2026-05-27 16:41:18 | admin | URL=/reservation/book_a_table/43 | 200 
REQUEST | 2026-05-27 16:41:27 | admin | URL=/reservation/book_a_table/43 | POST 
RESPONSE | 2026-05-27 16:41:28 | admin | URL=/reservation/book_a_table/43 | 302 
REQUEST | 2026-05-27 16:41:28 | admin | URL=/reservation/list_booked_tables | GET 
RESPONSE | 2026-05-27 16:41:28 | admin | URL=/reservation/list_booked_tables | 200 
REQUEST | 2026-05-27 16:41:29 | admin | URL=/ | GET 
RESPONSE | 2026-05-27 16:41:29 | admin | URL=/ | 200 
REQUEST | 2026-05-27 16:42:03 | admin | URL=/tables/ | GET 
RESPONSE | 2026-05-27 16:42:04 | admin | URL=/tables/ | 200 
REQUEST | 2026-05-27 16:42:06 | admin | URL=/reservation/book_a_table/42 | GET 
RESPONSE | 2026-05-27 16:42:07 | admin | URL=/reservation/book_a_table/42 | 200 
REQUEST | 2026-05-27 16:42:18 | admin | URL=/reservation/book_a_table/42 | POST 
RESPONSE | 2026-05-27 16:42:18 | admin | URL=/reservation/book_a_table/42 | 200 
REQUEST | 2026-05-27 16:42:26 | admin | URL=/reservation/book_a_table/42 | POST 
RESPONSE | 2026-05-27 16:42:26 | admin | URL=/reservation/book_a_table/42 | 200 
REQUEST | 2026-05-27 16:42:40 | admin | URL=/reservation/book_a_table/42 | POST 
RESPONSE | 2026-05-27 16:42:41 | admin | URL=/reservation/book_a_table/42 | 302 
REQUEST | 2026-05-27 16:42:41 | admin | URL=/reservation/list_booked_tables | GET 
RESPONSE | 2026-05-27 16:42:41 | admin | URL=/reservation/list_booked_tables | 200 
REQUEST | 2026-05-27 16:42:43 | admin | URL=/ | GET 
RESPONSE | 2026-05-27 16:42:43 | admin | URL=/ | 200 
REQUEST | 2026-05-27 16:42:50 | admin | URL=/reservation/list_booked_tables | GET 
RESPONSE | 2026-05-27 16:42:51 | admin | URL=/reservation/list_booked_tables | 200 
REQUEST | 2026-05-27 16:42:52 | admin | URL=/tables/favorites | GET 
RESPONSE | 2026-05-27 16:42:52 | admin | URL=/tables/favorites | 200 
REQUEST | 2026-05-27 16:42:55 | admin | URL=/tables/favorites?page=2 | GET 
RESPONSE | 2026-05-27 16:42:55 | admin | URL=/tables/favorites?page=2 | 200 
REQUEST | 2026-05-27 16:42:56 | admin | URL=/reservation/book_a_table/5 | GET 
RESPONSE | 2026-05-27 16:42:56 | admin | URL=/reservation/book_a_table/5 | 200 
REQUEST | 2026-05-27 16:43:08 | admin | URL=/reservation/book_a_table/5 | POST 
RESPONSE | 2026-05-27 16:43:08 | admin | URL=/reservation/book_a_table/5 | 302 
REQUEST | 2026-05-27 16:43:08 | admin | URL=/reservation/list_booked_tables | GET 
RESPONSE | 2026-05-27 16:43:09 | admin | URL=/reservation/list_booked_tables | 200 
REQUEST | 2026-05-27 16:43:11 | admin | URL=/ | GET 
RESPONSE | 2026-05-27 16:43:11 | admin | URL=/ | 200 
REQUEST | 2026-05-27 16:43:17 | admin | URL=/reservation/list_booked_tables | GET 
RESPONSE | 2026-05-27 16:43:17 | admin | URL=/reservation/list_booked_tables | 200 
REQUEST | 2026-05-27 16:43:20 | admin | URL=/tables/favorites | GET 
RESPONSE | 2026-05-27 16:43:20 | admin | URL=/tables/favorites | 200 
REQUEST | 2026-05-27 16:43:21 | admin | URL=/reservation/book_a_table/39 | GET 
RESPONSE | 2026-05-27 16:43:21 | admin | URL=/reservation/book_a_table/39 | 200 
REQUEST | 2026-05-27 16:43:35 | admin | URL=/reservation/book_a_table/39 | POST 
RESPONSE | 2026-05-27 16:43:35 | admin | URL=/reservation/book_a_table/39 | 302 
REQUEST | 2026-05-27 16:43:35 | admin | URL=/reservation/list_booked_tables | GET 
RESPONSE | 2026-05-27 16:43:35 | admin | URL=/reservation/list_booked_tables | 200 
REQUEST | 2026-05-27 16:43:37 | admin | URL=/ | GET 
RESPONSE | 2026-05-27 16:43:37 | admin | URL=/ | 200 
REQUEST | 2026-05-27 16:44:52 | admin | URL=/tables/favorites | GET 
RESPONSE | 2026-05-27 16:44:52 | admin | URL=/tables/favorites | 200 
REQUEST | 2026-05-27 16:44:53 | admin | URL=/reservation/list_booked_tables | GET 
RESPONSE | 2026-05-27 16:44:53 | admin | URL=/reservation/list_booked_tables | 200 
REQUEST | 2026-05-27 16:44:53 | admin | URL=/tables/ | GET 
RESPONSE | 2026-05-27 16:44:53 | admin | URL=/tables/ | 200 
REQUEST | 2026-05-27 16:44:55 | admin | URL=/reservation/book_a_table/7 | GET 
RESPONSE | 2026-05-27 16:44:55 | admin | URL=/reservation/book_a_table/7 | 200 
REQUEST | 2026-05-27 16:44:59 | admin | URL=/reservation/book_a_table/109876543 | GET 
RESPONSE | 2026-05-27 16:44:59 | admin | URL=/reservation/book_a_table/109876543 | 200 
REQUEST | 2026-05-27 16:45:04 | admin | URL=/reservation/book_a_table/12345678909876543234567 | GET 
RESPONSE | 2026-05-27 16:45:05 | admin | URL=/reservation/book_a_table/12345678909876543234567 | 200 
REQUEST | 2026-05-27 16:45:12 | admin | URL=/reservation/book_a_table/12345678909876543234567 | POST 
RESPONSE | 2026-05-27 16:45:12 | admin | URL=/reservation/book_a_table/12345678909876543234567 | 200 
REQUEST | 2026-05-27 16:45:18 | admin | URL=/reservation/book_a_table/12345678909876543234567 | POST 
RESPONSE | 2026-05-27 16:45:18 | admin | URL=/reservation/book_a_table/12345678909876543234567 | 200 
REQUEST | 2026-05-27 16:45:21 | admin | URL=/reservation/book_a_table/12345678909876543234567 | POST 
RESPONSE | 2026-05-27 16:45:21 | admin | URL=/reservation/book_a_table/12345678909876543234567 | 200 
REQUEST | 2026-05-27 16:45:31 | admin | URL=/reservation/book_a_table/673980-434012-4302-9834781347391204yewjiodbgf | GET 
RESPONSE | 2026-05-27 16:45:31 | admin | URL=/reservation/book_a_table/673980-434012-4302-9834781347391204yewjiodbgf | 404 
REQUEST | 2026-05-27 17:34:24 | admin | URL=/ | GET 
RESPONSE | 2026-05-27 17:34:25 | admin | URL=/ | 200 
REQUEST | 2026-05-27 17:34:26 | admin | URL=/auth/resetPassword | GET 
RESPONSE | 2026-05-27 17:34:26 | admin | URL=/auth/resetPassword | 200 
REQUEST | 2026-05-27 17:35:34 | admin | URL=/auth/resetPassword | GET 
RESPONSE | 2026-05-27 17:35:34 | admin | URL=/auth/resetPassword | 200 
REQUEST | 2026-05-27 17:35:54 | admin | URL=/auth/resetPassword | POST 
RESPONSE | 2026-05-27 17:35:55 | admin | URL=/auth/resetPassword | 500 
REQUEST | 2026-05-27 17:37:00 | admin | URL=/auth/resetPassword | POST 
RESPONSE | 2026-05-27 17:37:00 | admin | URL=/auth/resetPassword | 500 
REQUEST | 2026-05-27 17:42:20 | admin | URL=/auth/resetPassword | POST 
RESPONSE | 2026-05-27 17:42:22 | admin | URL=/auth/resetPassword | 200 
REQUEST | 2026-05-27 17:47:48 | admin | URL=/auth/resetPassword | POST 
RESPONSE | 2026-05-27 17:47:49 | admin | URL=/auth/resetPassword | 200 
REQUEST | 2026-05-27 18:14:57 | admin | URL=/auth/resetPassword | POST 
RESPONSE | 2026-05-27 18:14:59 | admin | URL=/auth/resetPassword | 500 
REQUEST | 2026-05-27 18:15:23 | admin | URL=/auth/resetPassword | POST 
RESPONSE | 2026-05-27 18:15:32 | admin | URL=/auth/resetPassword | 200 
REQUEST | 2026-05-27 18:16:14 | admin | URL=/ | GET 
RESPONSE | 2026-05-27 18:16:14 | admin | URL=/ | 200 
REQUEST | 2026-05-27 18:16:17 | admin | URL=/auth/resetPassword | GET 
RESPONSE | 2026-05-27 18:16:17 | admin | URL=/auth/resetPassword | 200 
REQUEST | 2026-05-27 18:16:24 | admin | URL=/auth/resetPassword | POST 
RESPONSE | 2026-05-27 18:16:29 | admin | URL=/auth/resetPassword | 200 
REQUEST | 2026-05-27 18:16:39 | admin | URL=/auth/reset-password/1a568198-c21e-4809-a1fe-9be182115063 | GET 
RESPONSE | 2026-05-27 18:16:39 | admin | URL=/auth/reset-password/1a568198-c21e-4809-a1fe-9be182115063 | 404 
REQUEST | 2026-05-27 18:19:06 | admin | URL=/ | GET 
RESPONSE | 2026-05-27 18:19:07 | admin | URL=/ | 200 
REQUEST | 2026-05-27 18:19:09 | admin | URL=/auth/password-reset-request | GET 
RESPONSE | 2026-05-27 18:19:09 | admin | URL=/auth/password-reset-request | 200 
REQUEST | 2026-05-27 18:19:19 | admin | URL=/auth/password-reset-request | POST 
RESPONSE | 2026-05-27 18:19:26 | admin | URL=/auth/password-reset-request | 200 
REQUEST | 2026-05-27 18:23:20 | admin | URL=/auth/logout/ | POST 
RESPONSE | 2026-05-27 18:23:21 | admin | URL=/auth/logout/ | 302 
REQUEST | 2026-05-27 18:23:21 | AnonymousUser | URL=/ | GET 
RESPONSE | 2026-05-27 18:23:21 | AnonymousUser | URL=/ | 200 
REQUEST | 2026-05-27 18:30:27 | AnonymousUser | URL=/auth/login | GET 
RESPONSE | 2026-05-27 18:30:27 | AnonymousUser | URL=/auth/login | 200 
REQUEST | 2026-05-27 18:30:34 | AnonymousUser | URL=/auth/login | POST 
RESPONSE | 2026-05-27 18:30:37 | AnonymousUser | URL=/auth/login | 302 
REQUEST | 2026-05-27 18:30:37 | admin | URL=/ | GET 
RESPONSE | 2026-05-27 18:30:37 | admin | URL=/ | 200 
REQUEST | 2026-05-27 18:30:40 | admin | URL=/auth/password-reset-request | GET 
RESPONSE | 2026-05-27 18:30:40 | admin | URL=/auth/password-reset-request | 200 
REQUEST | 2026-05-27 18:30:53 | admin | URL=/auth/password-reset-request | POST 
RESPONSE | 2026-05-27 18:31:01 | admin | URL=/auth/password-reset-request | 200 
REQUEST | 2026-05-27 18:31:09 | admin | URL=/auth/reset-password/429d607e-eebb-4937-b41e-4dc344194cc2 | GET 
RESPONSE | 2026-05-27 18:31:09 | admin | URL=/auth/reset-password/429d607e-eebb-4937-b41e-4dc344194cc2 | 404 
REQUEST | 2026-05-27 18:36:22 | admin | URL=/auth/reset-password/429d607e-eebb-4937-b41e-4dc344194cc2 | GET 
RESPONSE | 2026-05-27 18:36:22 | admin | URL=/auth/reset-password/429d607e-eebb-4937-b41e-4dc344194cc2 | 200 
REQUEST | 2026-05-27 18:36:39 | admin | URL=/auth/password-reset-request | POST 
RESPONSE | 2026-05-27 18:36:39 | admin | URL=/auth/password-reset-request | 200 
REQUEST | 2026-05-27 18:37:26 | admin | URL=/auth/logout/ | POST 
RESPONSE | 2026-05-27 18:37:26 | admin | URL=/auth/logout/ | 302 
REQUEST | 2026-05-27 18:37:27 | AnonymousUser | URL=/ | GET 
RESPONSE | 2026-05-27 18:37:27 | AnonymousUser | URL=/ | 200 
REQUEST | 2026-05-27 18:37:33 | AnonymousUser | URL=/auth/reset-password/429d607e-eebb-4937-b41e-4dc344194cc2 | GET 
RESPONSE | 2026-05-27 18:37:33 | AnonymousUser | URL=/auth/reset-password/429d607e-eebb-4937-b41e-4dc344194cc2 | 302 
REQUEST | 2026-05-27 18:37:33 | AnonymousUser | URL=/auth/reset-password/auth/login?next=/auth/reset-password/429d607e-eebb-4937-b41e-4dc344194cc2 | GET 
RESPONSE | 2026-05-27 18:37:33 | AnonymousUser | URL=/auth/reset-password/auth/login?next=/auth/reset-password/429d607e-eebb-4937-b41e-4dc344194cc2 | 404 
REQUEST | 2026-05-27 18:37:58 | AnonymousUser | URL=/auth/reset-password/429d607e-eebb-4937-b41e-4dc344194cc2 | GET 
RESPONSE | 2026-05-27 18:37:59 | AnonymousUser | URL=/auth/reset-password/429d607e-eebb-4937-b41e-4dc344194cc2 | 404 
REQUEST | 2026-05-27 18:39:02 | AnonymousUser | URL=/auth/reset-password/429d607e-eebb-4937-b41e-4dc344194cc2 | GET 
RESPONSE | 2026-05-27 18:39:02 | AnonymousUser | URL=/auth/reset-password/429d607e-eebb-4937-b41e-4dc344194cc2 | 302 
REQUEST | 2026-05-27 18:39:02 | AnonymousUser | URL=/auth/reset-password/auth/login?next=/auth/reset-password/429d607e-eebb-4937-b41e-4dc344194cc2 | GET 
RESPONSE | 2026-05-27 18:39:02 | AnonymousUser | URL=/auth/reset-password/auth/login?next=/auth/reset-password/429d607e-eebb-4937-b41e-4dc344194cc2 | 404 
REQUEST | 2026-05-27 18:39:11 | AnonymousUser | URL=/auth/login | GET 
RESPONSE | 2026-05-27 18:39:11 | AnonymousUser | URL=/auth/login | 200 
REQUEST | 2026-05-27 18:39:18 | AnonymousUser | URL=/auth/login | POST 
RESPONSE | 2026-05-27 18:39:20 | AnonymousUser | URL=/auth/login | 302 
REQUEST | 2026-05-27 18:39:20 | admin | URL=/ | GET 
RESPONSE | 2026-05-27 18:39:20 | admin | URL=/ | 200 
REQUEST | 2026-05-27 18:39:25 | admin | URL=/auth/reset-password/429d607e-eebb-4937-b41e-4dc344194cc2 | GET 
RESPONSE | 2026-05-27 18:39:25 | admin | URL=/auth/reset-password/429d607e-eebb-4937-b41e-4dc344194cc2 | 500 
REQUEST | 2026-05-27 18:40:33 | admin | URL=/auth/reset-password/429d607e-eebb-4937-b41e-4dc344194cc2 | GET 
RESPONSE | 2026-05-27 18:40:34 | admin | URL=/auth/reset-password/429d607e-eebb-4937-b41e-4dc344194cc2 | 200 
REQUEST | 2026-05-27 18:40:47 | admin | URL=/auth/reset-password/429d607e-eebb-4937-b41e-4dc344194cc2 | POST 
RESPONSE | 2026-05-27 18:40:47 | admin | URL=/auth/reset-password/429d607e-eebb-4937-b41e-4dc344194cc2 | 200 
REQUEST | 2026-05-27 18:41:22 | admin | URL=/auth/reset-password/429d607e-eebb-4937-b41e-4dc344194cc2 | POST 
RESPONSE | 2026-05-27 18:41:22 | admin | URL=/auth/reset-password/429d607e-eebb-4937-b41e-4dc344194cc2 | 200 
REQUEST | 2026-05-27 18:41:42 | admin | URL=/auth/reset-password/429d607e-eebb-4937-b41e-4dc344194cc2 | POST 
RESPONSE | 2026-05-27 18:41:42 | admin | URL=/auth/reset-password/429d607e-eebb-4937-b41e-4dc344194cc2 | 200 
REQUEST | 2026-05-27 18:41:43 | admin | URL=/auth/reset-password/429d607e-eebb-4937-b41e-4dc344194cc2 | POST 
RESPONSE | 2026-05-27 18:41:43 | admin | URL=/auth/reset-password/429d607e-eebb-4937-b41e-4dc344194cc2 | 200 
REQUEST | 2026-05-27 18:42:13 | admin | URL=/auth/reset-password/429d607e-eebb-4937-b41e-4dc344194cc2 | POST 
RESPONSE | 2026-05-27 18:42:14 | admin | URL=/auth/reset-password/429d607e-eebb-4937-b41e-4dc344194cc2 | 200 
REQUEST | 2026-05-27 18:42:16 | admin | URL=/auth/reset-password/429d607e-eebb-4937-b41e-4dc344194cc2 | POST 
RESPONSE | 2026-05-27 18:42:18 | admin | URL=/auth/reset-password/429d607e-eebb-4937-b41e-4dc344194cc2 | 302 
REQUEST | 2026-05-27 18:42:18 | AnonymousUser | URL=/auth/logout/ | GET 
RESPONSE | 2026-05-27 18:42:18 | AnonymousUser | URL=/auth/logout/ | 405 
REQUEST | 2026-05-27 18:42:23 | AnonymousUser | URL=/auth/logout/ | GET 
RESPONSE | 2026-05-27 18:42:23 | AnonymousUser | URL=/auth/logout/ | 405 
REQUEST | 2026-05-27 18:42:24 | AnonymousUser | URL=/auth/logout/ | GET 
RESPONSE | 2026-05-27 18:42:24 | AnonymousUser | URL=/auth/logout/ | 405 
REQUEST | 2026-05-27 18:42:24 | AnonymousUser | URL=/auth/logout/ | GET 
RESPONSE | 2026-05-27 18:42:24 | AnonymousUser | URL=/auth/logout/ | 405 
REQUEST | 2026-05-27 18:42:25 | AnonymousUser | URL=/auth/logout/ | GET 
RESPONSE | 2026-05-27 18:42:25 | AnonymousUser | URL=/auth/logout/ | 405 
REQUEST | 2026-05-27 18:42:30 | AnonymousUser | URL=/ | GET 
RESPONSE | 2026-05-27 18:42:30 | AnonymousUser | URL=/ | 200 
REQUEST | 2026-05-27 18:42:33 | AnonymousUser | URL=/auth/login | GET 
RESPONSE | 2026-05-27 18:42:33 | AnonymousUser | URL=/auth/login | 200 
REQUEST | 2026-05-27 18:42:39 | AnonymousUser | URL=/auth/login | POST 
RESPONSE | 2026-05-27 18:42:41 | AnonymousUser | URL=/auth/login | 200 
REQUEST | 2026-05-27 18:42:45 | AnonymousUser | URL=/auth/login | POST 
RESPONSE | 2026-05-27 18:42:46 | AnonymousUser | URL=/auth/login | 200 
REQUEST | 2026-05-27 18:42:48 | AnonymousUser | URL=/auth/login | POST 
RESPONSE | 2026-05-27 18:42:50 | AnonymousUser | URL=/auth/login | 200 
REQUEST | 2026-05-27 18:43:17 | AnonymousUser | URL=/auth/login | POST 
RESPONSE | 2026-05-27 18:43:19 | AnonymousUser | URL=/auth/login | 200 
REQUEST | 2026-05-27 18:43:25 | AnonymousUser | URL=/auth/login | POST 
RESPONSE | 2026-05-27 18:43:27 | AnonymousUser | URL=/auth/login | 200 
REQUEST | 2026-05-27 18:43:29 | AnonymousUser | URL=/auth/login | POST 
RESPONSE | 2026-05-27 18:43:31 | AnonymousUser | URL=/auth/login | 302 
REQUEST | 2026-05-27 18:43:31 | admin | URL=/ | GET 
RESPONSE | 2026-05-27 18:43:31 | admin | URL=/ | 200 
REQUEST | 2026-05-27 18:43:40 | admin | URL=/auth/password-reset-request | GET 
RESPONSE | 2026-05-27 18:43:40 | admin | URL=/auth/password-reset-request | 200 
REQUEST | 2026-05-27 18:43:43 | admin | URL=/auth/reset-password/429d607e-eebb-4937-b41e-4dc344194cc2 | GET 
RESPONSE | 2026-05-27 18:43:43 | admin | URL=/auth/reset-password/429d607e-eebb-4937-b41e-4dc344194cc2 | 500 
REQUEST | 2026-05-27 18:46:10 | admin | URL=/auth/reset-password/429d607e-eebb-4937-b41e-4dc344194cc2 | GET 
RESPONSE | 2026-05-27 18:46:10 | admin | URL=/auth/reset-password/429d607e-eebb-4937-b41e-4dc344194cc2 | 404 
REQUEST | 2026-05-27 18:48:01 | admin | URL=/auth/password-reset-request | POST 
RESPONSE | 2026-05-27 18:48:07 | admin | URL=/auth/password-reset-request | 200 
REQUEST | 2026-05-27 18:48:15 | admin | URL=/auth/reset-password/a4c995e5-0d71-4808-8179-ac9f06a11bfd | GET 
RESPONSE | 2026-05-27 18:48:15 | admin | URL=/auth/reset-password/a4c995e5-0d71-4808-8179-ac9f06a11bfd | 200 
REQUEST | 2026-05-27 18:48:30 | admin | URL=/auth/reset-password/a4c995e5-0d71-4808-8179-ac9f06a11bfd | POST 
RESPONSE | 2026-05-27 18:48:32 | admin | URL=/auth/reset-password/a4c995e5-0d71-4808-8179-ac9f06a11bfd | 200 
REQUEST | 2026-05-27 18:48:37 | admin | URL=/auth/reset-password/a4c995e5-0d71-4808-8179-ac9f06a11bfd | POST 
RESPONSE | 2026-05-27 18:48:37 | admin | URL=/auth/reset-password/a4c995e5-0d71-4808-8179-ac9f06a11bfd | 200 
REQUEST | 2026-05-27 18:48:44 | admin | URL=/auth/reset-password/a4c995e5-0d71-4808-8179-ac9f06a11bfd | POST 
RESPONSE | 2026-05-27 18:48:48 | admin | URL=/auth/reset-password/a4c995e5-0d71-4808-8179-ac9f06a11bfd | 302 
REQUEST | 2026-05-27 18:48:48 | AnonymousUser | URL=/auth/logout/ | GET 
RESPONSE | 2026-05-27 18:48:48 | AnonymousUser | URL=/auth/logout/ | 405 
REQUEST | 2026-05-27 18:51:32 | AnonymousUser | URL=/auth/password-reset-request | POST 
RESPONSE | 2026-05-27 18:51:32 | AnonymousUser | URL=/auth/password-reset-request | 302 
REQUEST | 2026-05-27 18:51:32 | AnonymousUser | URL=/auth/auth/login?next=/auth/password-reset-request | GET 
RESPONSE | 2026-05-27 18:51:32 | AnonymousUser | URL=/auth/auth/login?next=/auth/password-reset-request | 404 
REQUEST | 2026-05-27 18:51:37 | AnonymousUser | URL=/auth/password-reset-request | POST 
RESPONSE | 2026-05-27 18:51:37 | AnonymousUser | URL=/auth/password-reset-request | 302 
REQUEST | 2026-05-27 18:51:37 | AnonymousUser | URL=/auth/auth/login?next=/auth/password-reset-request | GET 
RESPONSE | 2026-05-27 18:51:37 | AnonymousUser | URL=/auth/auth/login?next=/auth/password-reset-request | 404 
REQUEST | 2026-05-27 18:51:43 | AnonymousUser | URL=/ | GET 
RESPONSE | 2026-05-27 18:51:43 | AnonymousUser | URL=/ | 200 
REQUEST | 2026-05-27 18:51:49 | AnonymousUser | URL=/auth/login | GET 
RESPONSE | 2026-05-27 18:51:49 | AnonymousUser | URL=/auth/login | 200 
REQUEST | 2026-05-27 18:51:58 | AnonymousUser | URL=/auth/login | POST 
RESPONSE | 2026-05-27 18:52:00 | AnonymousUser | URL=/auth/login | 302 
REQUEST | 2026-05-27 18:52:01 | admin | URL=/ | GET 
RESPONSE | 2026-05-27 18:52:01 | admin | URL=/ | 200 
REQUEST | 2026-05-27 18:52:02 | admin | URL=/auth/password-reset-request | GET 
RESPONSE | 2026-05-27 18:52:02 | admin | URL=/auth/password-reset-request | 200 
REQUEST | 2026-05-27 18:52:16 | admin | URL=/auth/password-reset-request | POST 
RESPONSE | 2026-05-27 18:52:24 | admin | URL=/auth/password-reset-request | 200 
REQUEST | 2026-05-27 18:52:29 | admin | URL=/auth/reset-password/e4679408-8b5a-48d6-a10a-5c94662d0c5d | GET 
RESPONSE | 2026-05-27 18:52:29 | admin | URL=/auth/reset-password/e4679408-8b5a-48d6-a10a-5c94662d0c5d | 200 
REQUEST | 2026-05-27 18:52:35 | admin | URL=/auth/reset-password/e4679408-8b5a-48d6-a10a-5c94662d0c5d | POST 
RESPONSE | 2026-05-27 18:52:39 | admin | URL=/auth/reset-password/e4679408-8b5a-48d6-a10a-5c94662d0c5d | 200 
REQUEST | 2026-05-27 18:52:45 | AnonymousUser | URL=/ | GET 
RESPONSE | 2026-05-27 18:52:45 | AnonymousUser | URL=/ | 200 
REQUEST | 2026-05-27 18:53:48 | AnonymousUser | URL=/auth/reset-password/e4679408-8b5a-48d6-a10a-5c94662d0c5d | GET 
RESPONSE | 2026-05-27 18:53:48 | AnonymousUser | URL=/auth/reset-password/e4679408-8b5a-48d6-a10a-5c94662d0c5d | 302 
REQUEST | 2026-05-27 18:53:48 | AnonymousUser | URL=/auth/reset-password/auth/login?next=/auth/reset-password/e4679408-8b5a-48d6-a10a-5c94662d0c5d | GET 
RESPONSE | 2026-05-27 18:53:48 | AnonymousUser | URL=/auth/reset-password/auth/login?next=/auth/reset-password/e4679408-8b5a-48d6-a10a-5c94662d0c5d | 404 
REQUEST | 2026-05-27 18:53:56 | AnonymousUser | URL=/auth/password-reset-request | POST 
RESPONSE | 2026-05-27 18:53:56 | AnonymousUser | URL=/auth/password-reset-request | 302 
REQUEST | 2026-05-27 18:53:56 | AnonymousUser | URL=/auth/auth/login?next=/auth/password-reset-request | GET 
RESPONSE | 2026-05-27 18:53:56 | AnonymousUser | URL=/auth/auth/login?next=/auth/password-reset-request | 404 
REQUEST | 2026-05-27 18:53:57 | AnonymousUser | URL=/auth/password-reset-request | GET 
RESPONSE | 2026-05-27 18:53:57 | AnonymousUser | URL=/auth/password-reset-request | 302 
REQUEST | 2026-05-27 18:54:02 | AnonymousUser | URL=/auth/password-reset-request | GET 
RESPONSE | 2026-05-27 18:54:02 | AnonymousUser | URL=/auth/password-reset-request | 302 
REQUEST | 2026-05-27 18:54:02 | AnonymousUser | URL=/auth/auth/login?next=/auth/password-reset-request | GET 
RESPONSE | 2026-05-27 18:54:02 | AnonymousUser | URL=/auth/auth/login?next=/auth/password-reset-request | 404 
REQUEST | 2026-05-27 18:54:07 | AnonymousUser | URL=/ | GET 
RESPONSE | 2026-05-27 18:54:07 | AnonymousUser | URL=/ | 200 
REQUEST | 2026-05-27 18:54:09 | AnonymousUser | URL=/auth/login | GET 
RESPONSE | 2026-05-27 18:54:09 | AnonymousUser | URL=/auth/login | 200 
REQUEST | 2026-05-27 18:54:18 | AnonymousUser | URL=/auth/login | POST 
RESPONSE | 2026-05-27 18:54:21 | AnonymousUser | URL=/auth/login | 302 
REQUEST | 2026-05-27 18:54:21 | admin | URL=/ | GET 
RESPONSE | 2026-05-27 18:54:21 | admin | URL=/ | 200 
REQUEST | 2026-05-27 18:54:23 | admin | URL=/auth/password-reset-request | GET 
RESPONSE | 2026-05-27 18:54:23 | admin | URL=/auth/password-reset-request | 200 
REQUEST | 2026-05-27 18:54:33 | admin | URL=/auth/password-reset-request | POST 
RESPONSE | 2026-05-27 18:54:41 | admin | URL=/auth/password-reset-request | 200 
REQUEST | 2026-05-27 18:54:54 | admin | URL=/auth/reset-password/f894e2b3-dc46-457b-8e04-8ef1583721cd | GET 
RESPONSE | 2026-05-27 18:54:54 | admin | URL=/auth/reset-password/f894e2b3-dc46-457b-8e04-8ef1583721cd | 200 
REQUEST | 2026-05-27 18:55:02 | admin | URL=/auth/reset-password/f894e2b3-dc46-457b-8e04-8ef1583721cd | POST 
RESPONSE | 2026-05-27 18:55:06 | admin | URL=/auth/reset-password/f894e2b3-dc46-457b-8e04-8ef1583721cd | 500 
REQUEST | 2026-05-27 18:56:23 | AnonymousUser | URL=/auth/password-reset-request | POST 
RESPONSE | 2026-05-27 18:56:23 | AnonymousUser | URL=/auth/password-reset-request | 302 
REQUEST | 2026-05-27 18:56:23 | AnonymousUser | URL=/auth/auth/login?next=/auth/password-reset-request | GET 
RESPONSE | 2026-05-27 18:56:23 | AnonymousUser | URL=/auth/auth/login?next=/auth/password-reset-request | 404 
REQUEST | 2026-05-27 18:56:24 | AnonymousUser | URL=/auth/password-reset-request | GET 
RESPONSE | 2026-05-27 18:56:24 | AnonymousUser | URL=/auth/password-reset-request | 302 
REQUEST | 2026-05-27 18:56:27 | AnonymousUser | URL=/ | GET 
RESPONSE | 2026-05-27 18:56:27 | AnonymousUser | URL=/ | 200 
REQUEST | 2026-05-27 18:56:28 | AnonymousUser | URL=/auth/login | GET 
RESPONSE | 2026-05-27 18:56:28 | AnonymousUser | URL=/auth/login | 200 
REQUEST | 2026-05-27 18:56:36 | AnonymousUser | URL=/auth/login | POST 
RESPONSE | 2026-05-27 18:56:38 | AnonymousUser | URL=/auth/login | 302 
REQUEST | 2026-05-27 18:56:38 | admin | URL=/ | GET 
RESPONSE | 2026-05-27 18:56:38 | admin | URL=/ | 200 
REQUEST | 2026-05-27 18:56:41 | admin | URL=/auth/password-reset-request | GET 
RESPONSE | 2026-05-27 18:56:41 | admin | URL=/auth/password-reset-request | 200 
REQUEST | 2026-05-27 18:56:51 | admin | URL=/auth/password-reset-request | POST 
RESPONSE | 2026-05-27 18:56:57 | admin | URL=/auth/password-reset-request | 200 
REQUEST | 2026-05-27 18:57:23 | admin | URL=/auth/reset-password/db02a629-54d5-4c82-9dce-a52732bc529b | GET 
RESPONSE | 2026-05-27 18:57:23 | admin | URL=/auth/reset-password/db02a629-54d5-4c82-9dce-a52732bc529b | 200 
REQUEST | 2026-05-27 18:57:30 | admin | URL=/auth/reset-password/db02a629-54d5-4c82-9dce-a52732bc529b | POST 
RESPONSE | 2026-05-27 18:57:34 | admin | URL=/auth/reset-password/db02a629-54d5-4c82-9dce-a52732bc529b | 200 
REQUEST | 2026-05-27 18:57:38 | AnonymousUser | URL=/ | GET 
RESPONSE | 2026-05-27 18:57:38 | AnonymousUser | URL=/ | 200 
REQUEST | 2026-05-27 18:58:59 | AnonymousUser | URL=/ | GET 
RESPONSE | 2026-05-27 18:58:59 | AnonymousUser | URL=/ | 200 
REQUEST | 2026-05-27 18:59:00 | AnonymousUser | URL=/auth/login | GET 
RESPONSE | 2026-05-27 18:59:00 | AnonymousUser | URL=/auth/login | 200 
REQUEST | 2026-05-27 18:59:11 | AnonymousUser | URL=/auth/login | POST 
RESPONSE | 2026-05-27 18:59:15 | AnonymousUser | URL=/auth/login | 302 
REQUEST | 2026-05-27 18:59:15 | admin | URL=/ | GET 
RESPONSE | 2026-05-27 18:59:15 | admin | URL=/ | 200 
REQUEST | 2026-05-27 18:59:18 | admin | URL=/tables/favorites | GET 
RESPONSE | 2026-05-27 18:59:18 | admin | URL=/tables/favorites | 200 
REQUEST | 2026-05-27 18:59:20 | admin | URL=/auth/password-reset-request | GET 
RESPONSE | 2026-05-27 18:59:20 | admin | URL=/auth/password-reset-request | 200 
REQUEST | 2026-05-27 18:59:39 | admin | URL=/auth/password-reset-request | POST 
RESPONSE | 2026-05-27 18:59:45 | admin | URL=/auth/password-reset-request | 200 
REQUEST | 2026-05-27 19:00:40 | admin | URL=/ | GET 
RESPONSE | 2026-05-27 19:00:40 | admin | URL=/ | 200 
REQUEST | 2026-05-27 19:00:50 | admin | URL=/auth/reset-password/d3061306-df27-4293-bbd8-ea59726406fc | GET 
RESPONSE | 2026-05-27 19:00:50 | admin | URL=/auth/reset-password/d3061306-df27-4293-bbd8-ea59726406fc | 200 
REQUEST | 2026-05-27 19:00:55 | admin | URL=/auth/reset-password/d3061306-df27-4293-bbd8-ea59726406fc | POST 
RESPONSE | 2026-05-27 19:01:00 | admin | URL=/auth/reset-password/d3061306-df27-4293-bbd8-ea59726406fc | 302 
REQUEST | 2026-05-27 19:01:00 | AnonymousUser | URL=/ | GET 
RESPONSE | 2026-05-27 19:01:00 | AnonymousUser | URL=/ | 200 
REQUEST | 2026-05-27 19:01:03 | AnonymousUser | URL=/auth/login | GET 
RESPONSE | 2026-05-27 19:01:03 | AnonymousUser | URL=/auth/login | 200 
REQUEST | 2026-05-27 19:01:14 | AnonymousUser | URL=/auth/login | POST 
RESPONSE | 2026-05-27 19:01:17 | AnonymousUser | URL=/auth/login | 200 
REQUEST | 2026-05-27 19:01:19 | AnonymousUser | URL=/auth/login | POST 
RESPONSE | 2026-05-27 19:01:22 | AnonymousUser | URL=/auth/login | 302 
REQUEST | 2026-05-27 19:01:22 | admin | URL=/ | GET 
RESPONSE | 2026-05-27 19:01:22 | admin | URL=/ | 200 
REQUEST | 2026-06-03 17:49:24 | admin | URL=/ | GET 
RESPONSE | 2026-06-03 17:49:26 | admin | URL=/ | 200 
REQUEST | 2026-06-03 17:49:27 | admin | URL=/favicon.ico | GET 
RESPONSE | 2026-06-03 17:49:27 | admin | URL=/favicon.ico | 404 
REQUEST | 2026-06-03 17:49:49 | admin | URL=/api/schema/ | GET 
RESPONSE | 2026-06-03 17:49:49 | admin | URL=/api/schema/ | 200 
REQUEST | 2026-06-03 17:50:06 | admin | URL=/ | GET 
RESPONSE | 2026-06-03 17:50:06 | admin | URL=/ | 200 
REQUEST | 2026-06-03 17:50:24 | admin | URL=/api/schema/swagger-ui/ | GET 
RESPONSE | 2026-06-03 17:50:24 | admin | URL=/api/schema/swagger-ui/ | 200 
REQUEST | 2026-06-03 17:50:25 | admin | URL=/api/schema/ | GET 
RESPONSE | 2026-06-03 17:50:25 | admin | URL=/api/schema/ | 200 
REQUEST | 2026-06-03 17:51:07 | admin | URL=/api/users?page=2 | GET 
RESPONSE | 2026-06-03 17:51:07 | admin | URL=/api/users?page=2 | 200 
REQUEST | 2026-06-03 17:51:07 | admin | URL=/__debug__/history_sidebar/?request_id=e5b28f26f6fc4df5a5d6962c7618e646 | GET 
RESPONSE | 2026-06-03 17:51:07 | admin | URL=/__debug__/history_sidebar/?request_id=e5b28f26f6fc4df5a5d6962c7618e646 | 200 
REQUEST | 2026-06-03 18:18:48 | AnonymousUser | URL=/api/reservations/ | POST 
RESPONSE | 2026-06-03 18:18:49 | AnonymousUser | URL=/api/reservations/ | 201 
REQUEST | 2026-06-12 16:53:20 | AnonymousUser | URL=/api/reservations/ | POST 
RESPONSE | 2026-06-12 16:53:20 | AnonymousUser | URL=/api/reservations/ | 201 
REQUEST | 2026-06-12 17:03:04 | AnonymousUser | URL=/api/reservations/ | POST 
RESPONSE | 2026-06-12 17:03:04 | AnonymousUser | URL=/api/reservations/ | 401 
REQUEST | 2026-06-12 17:03:33 | AnonymousUser | URL=/api/reservations/ | POST 
RESPONSE | 2026-06-12 17:03:33 | AnonymousUser | URL=/api/reservations/ | 401 
REQUEST | 2026-06-12 17:03:52 | AnonymousUser | URL=/api/reservations/ | POST 
RESPONSE | 2026-06-12 17:03:52 | AnonymousUser | URL=/api/reservations/ | 401 
REQUEST | 2026-06-12 17:04:04 | AnonymousUser | URL=/api/reservations/ | POST 
RESPONSE | 2026-06-12 17:04:04 | AnonymousUser | URL=/api/reservations/ | 401 
REQUEST | 2026-06-12 17:04:19 | AnonymousUser | URL=/api/reservations/ | POST 
RESPONSE | 2026-06-12 17:04:19 | AnonymousUser | URL=/api/reservations/ | 401 
REQUEST | 2026-06-12 17:07:12 | AnonymousUser | URL=/api/reservations/ | POST 
RESPONSE | 2026-06-12 17:07:12 | AnonymousUser | URL=/api/reservations/ | 401 
REQUEST | 2026-06-12 17:08:04 | test | URL=/api/reservations/ | POST 
RESPONSE | 2026-06-12 17:08:04 | test | URL=/api/reservations/ | 400 
REQUEST | 2026-06-12 17:08:04 | AnonymousUser | URL=/api/reservations/ | POST 
RESPONSE | 2026-06-12 17:08:04 | AnonymousUser | URL=/api/reservations/ | 401 
REQUEST | 2026-06-12 17:08:15 | test | URL=/api/reservations/ | POST 
RESPONSE | 2026-06-12 17:08:15 | test | URL=/api/reservations/ | 400 
REQUEST | 2026-06-12 17:08:15 | AnonymousUser | URL=/api/reservations/ | POST 
RESPONSE | 2026-06-12 17:08:15 | AnonymousUser | URL=/api/reservations/ | 401 
REQUEST | 2026-06-12 17:08:35 | test | URL=/api/reservations/ | POST 
RESPONSE | 2026-06-12 17:08:35 | test | URL=/api/reservations/ | 400 
REQUEST | 2026-06-12 17:08:35 | AnonymousUser | URL=/api/reservations/ | POST 
RESPONSE | 2026-06-12 17:08:35 | AnonymousUser | URL=/api/reservations/ | 401 
REQUEST | 2026-06-12 17:08:41 | test | URL=/api/reservations/ | POST 
RESPONSE | 2026-06-12 17:08:41 | test | URL=/api/reservations/ | 400 
REQUEST | 2026-06-12 17:08:41 | AnonymousUser | URL=/api/reservations/ | POST 
RESPONSE | 2026-06-12 17:08:41 | AnonymousUser | URL=/api/reservations/ | 401 
REQUEST | 2026-06-12 17:09:06 | test | URL=/api/reservations/ | POST 
RESPONSE | 2026-06-12 17:09:06 | test | URL=/api/reservations/ | 400 
REQUEST | 2026-06-12 17:09:06 | AnonymousUser | URL=/api/reservations/ | POST 
RESPONSE | 2026-06-12 17:09:06 | AnonymousUser | URL=/api/reservations/ | 401 
REQUEST | 2026-06-12 17:09:23 | test | URL=/api/reservations/ | POST 
RESPONSE | 2026-06-12 17:09:23 | test | URL=/api/reservations/ | 400 
REQUEST | 2026-06-12 17:09:23 | AnonymousUser | URL=/api/reservations/ | POST 
RESPONSE | 2026-06-12 17:09:23 | AnonymousUser | URL=/api/reservations/ | 401 
REQUEST | 2026-06-12 17:09:43 | test | URL=/api/reservations/ | POST 
RESPONSE | 2026-06-12 17:09:43 | test | URL=/api/reservations/ | 400 
REQUEST | 2026-06-12 17:09:43 | AnonymousUser | URL=/api/reservations/ | POST 
RESPONSE | 2026-06-12 17:09:43 | AnonymousUser | URL=/api/reservations/ | 401 
REQUEST | 2026-06-12 17:09:53 | test | URL=/api/reservations/ | POST 
RESPONSE | 2026-06-12 17:09:53 | test | URL=/api/reservations/ | 400 
REQUEST | 2026-06-12 17:09:53 | AnonymousUser | URL=/api/reservations/ | POST 
RESPONSE | 2026-06-12 17:09:53 | AnonymousUser | URL=/api/reservations/ | 401 
REQUEST | 2026-06-12 17:10:05 | test | URL=/api/reservations/ | POST 
RESPONSE | 2026-06-12 17:10:05 | test | URL=/api/reservations/ | 400 
REQUEST | 2026-06-12 17:10:05 | AnonymousUser | URL=/api/reservations/ | POST 
RESPONSE | 2026-06-12 17:10:05 | AnonymousUser | URL=/api/reservations/ | 401 
REQUEST | 2026-06-12 17:17:37 | test | URL=/api/reservations/ | POST 
RESPONSE | 2026-06-12 17:17:37 | test | URL=/api/reservations/ | 201 
REQUEST | 2026-06-12 17:17:37 | AnonymousUser | URL=/api/reservations/ | POST 
RESPONSE | 2026-06-12 17:17:37 | AnonymousUser | URL=/api/reservations/ | 401 
REQUEST | 2026-06-12 17:18:08 | test | URL=/api/reservations/ | POST 
RESPONSE | 2026-06-12 17:18:08 | test | URL=/api/reservations/ | 201 
REQUEST | 2026-06-12 17:18:08 | AnonymousUser | URL=/api/reservations/ | POST 
RESPONSE | 2026-06-12 17:18:08 | AnonymousUser | URL=/api/reservations/ | 401 
REQUEST | 2026-06-12 17:18:28 | test | URL=/api/reservations/ | POST 
RESPONSE | 2026-06-12 17:18:28 | test | URL=/api/reservations/ | 201 
REQUEST | 2026-06-12 17:18:28 | AnonymousUser | URL=/api/reservations/ | POST 
RESPONSE | 2026-06-12 17:18:28 | AnonymousUser | URL=/api/reservations/ | 401 
REQUEST | 2026-06-12 17:18:34 | test | URL=/api/reservations/ | POST 
RESPONSE | 2026-06-12 17:18:34 | test | URL=/api/reservations/ | 201 
REQUEST | 2026-06-12 17:18:34 | AnonymousUser | URL=/api/reservations/ | POST 
RESPONSE | 2026-06-12 17:18:34 | AnonymousUser | URL=/api/reservations/ | 401 
REQUEST | 2026-06-12 17:18:52 | test | URL=/api/reservations/ | POST 
RESPONSE | 2026-06-12 17:18:52 | test | URL=/api/reservations/ | 201 
REQUEST | 2026-06-12 17:18:52 | AnonymousUser | URL=/api/reservations/ | POST 
RESPONSE | 2026-06-12 17:18:52 | AnonymousUser | URL=/api/reservations/ | 401 
REQUEST | 2026-06-12 17:19:17 | test | URL=/api/reservations/ | POST 
RESPONSE | 2026-06-12 17:19:17 | test | URL=/api/reservations/ | 201 
REQUEST | 2026-06-12 17:19:17 | AnonymousUser | URL=/api/reservations/ | POST 
RESPONSE | 2026-06-12 17:19:17 | AnonymousUser | URL=/api/reservations/ | 401 
REQUEST | 2026-06-12 17:19:30 | test | URL=/api/reservations/ | POST 
RESPONSE | 2026-06-12 17:19:30 | test | URL=/api/reservations/ | 201 
REQUEST | 2026-06-12 17:19:30 | AnonymousUser | URL=/api/reservations/ | POST 
RESPONSE | 2026-06-12 17:19:30 | AnonymousUser | URL=/api/reservations/ | 401 
REQUEST | 2026-06-12 17:20:02 | test | URL=/api/reservations/ | POST 
RESPONSE | 2026-06-12 17:20:02 | test | URL=/api/reservations/ | 201 
REQUEST | 2026-06-12 17:20:02 | AnonymousUser | URL=/api/reservations/ | POST 
RESPONSE | 2026-06-12 17:20:02 | AnonymousUser | URL=/api/reservations/ | 401 
REQUEST | 2026-06-12 17:20:27 | test | URL=/api/reservations/ | POST 
RESPONSE | 2026-06-12 17:20:27 | test | URL=/api/reservations/ | 201 
REQUEST | 2026-06-12 17:20:27 | AnonymousUser | URL=/api/reservations/ | POST 
RESPONSE | 2026-06-12 17:20:27 | AnonymousUser | URL=/api/reservations/ | 401 
REQUEST | 2026-06-12 17:20:36 | test | URL=/api/reservations/ | POST 
RESPONSE | 2026-06-12 17:20:36 | test | URL=/api/reservations/ | 201 
REQUEST | 2026-06-12 17:20:36 | AnonymousUser | URL=/api/reservations/ | POST 
RESPONSE | 2026-06-12 17:20:36 | AnonymousUser | URL=/api/reservations/ | 401 
REQUEST | 2026-06-12 17:20:43 | test | URL=/api/reservations/ | POST 
RESPONSE | 2026-06-12 17:20:43 | test | URL=/api/reservations/ | 201 
REQUEST | 2026-06-12 17:20:43 | AnonymousUser | URL=/api/reservations/ | POST 
RESPONSE | 2026-06-12 17:20:43 | AnonymousUser | URL=/api/reservations/ | 401 
REQUEST | 2026-06-12 17:21:20 | test | URL=/api/reservations/ | POST 
RESPONSE | 2026-06-12 17:21:20 | test | URL=/api/reservations/ | 201 
REQUEST | 2026-06-12 17:21:20 | AnonymousUser | URL=/api/reservations/ | POST 
RESPONSE | 2026-06-12 17:21:20 | AnonymousUser | URL=/api/reservations/ | 401 
REQUEST | 2026-06-12 17:21:26 | test | URL=/api/reservations/ | POST 
RESPONSE | 2026-06-12 17:21:26 | test | URL=/api/reservations/ | 201 
REQUEST | 2026-06-12 17:21:26 | AnonymousUser | URL=/api/reservations/ | POST 
RESPONSE | 2026-06-12 17:21:26 | AnonymousUser | URL=/api/reservations/ | 401 
REQUEST | 2026-06-12 17:21:36 | test | URL=/api/reservations/ | POST 
RESPONSE | 2026-06-12 17:21:36 | test | URL=/api/reservations/ | 201 
REQUEST | 2026-06-12 17:21:36 | AnonymousUser | URL=/api/reservations/ | POST 
RESPONSE | 2026-06-12 17:21:36 | AnonymousUser | URL=/api/reservations/ | 401 
REQUEST | 2026-06-12 17:21:41 | test | URL=/api/reservations/ | POST 
RESPONSE | 2026-06-12 17:21:41 | test | URL=/api/reservations/ | 201 
REQUEST | 2026-06-12 17:21:41 | AnonymousUser | URL=/api/reservations/ | POST 
RESPONSE | 2026-06-12 17:21:41 | AnonymousUser | URL=/api/reservations/ | 401 
REQUEST | 2026-06-12 17:22:14 | test | URL=/api/reservations/ | POST 
RESPONSE | 2026-06-12 17:22:14 | test | URL=/api/reservations/ | 201 
REQUEST | 2026-06-12 17:22:14 | AnonymousUser | URL=/api/reservations/ | POST 
RESPONSE | 2026-06-12 17:22:14 | AnonymousUser | URL=/api/reservations/ | 401 
REQUEST | 2026-06-12 17:22:19 | test | URL=/api/reservations/ | POST 
RESPONSE | 2026-06-12 17:22:19 | test | URL=/api/reservations/ | 201 
REQUEST | 2026-06-12 17:22:19 | AnonymousUser | URL=/api/reservations/ | POST 
RESPONSE | 2026-06-12 17:22:19 | AnonymousUser | URL=/api/reservations/ | 401 
REQUEST | 2026-06-12 17:23:58 | test | URL=/api/reservations/ | POST 
RESPONSE | 2026-06-12 17:23:58 | test | URL=/api/reservations/ | 201 
REQUEST | 2026-06-12 17:23:58 | AnonymousUser | URL=/api/reservations/ | POST 
RESPONSE | 2026-06-12 17:23:58 | AnonymousUser | URL=/api/reservations/ | 401 
REQUEST | 2026-06-12 17:25:55 | AnonymousUser | URL=/api/reservations/ | PATCH 
RESPONSE | 2026-06-12 17:25:55 | AnonymousUser | URL=/api/reservations/ | 405 
REQUEST | 2026-06-12 17:26:31 | AnonymousUser | URL=/api/reservations/ | PATCH 
RESPONSE | 2026-06-12 17:26:31 | AnonymousUser | URL=/api/reservations/ | 401 
REQUEST | 2026-06-12 17:26:42 | AnonymousUser | URL=/api/reservations/ | PATCH 
RESPONSE | 2026-06-12 17:26:42 | AnonymousUser | URL=/api/reservations/ | 401 
REQUEST | 2026-06-12 17:29:00 | AnonymousUser | URL=/api/auth/token/login/ | GET 
RESPONSE | 2026-06-12 17:29:00 | AnonymousUser | URL=/api/auth/token/login/ | 405 
REQUEST | 2026-06-12 17:29:08 | AnonymousUser | URL=/api/auth/token/login/ | POST 
RESPONSE | 2026-06-12 17:29:08 | AnonymousUser | URL=/api/auth/token/login/ | 400 
REQUEST | 2026-06-12 17:29:15 | AnonymousUser | URL=/api/auth/token/login/ | POST 
RESPONSE | 2026-06-12 17:29:16 | AnonymousUser | URL=/api/auth/token/login/ | 400 
REQUEST | 2026-06-12 17:29:22 | AnonymousUser | URL=/api/auth/token/login/ | POST 
RESPONSE | 2026-06-12 17:29:22 | AnonymousUser | URL=/api/auth/token/login/ | 200 
REQUEST | 2026-06-12 17:29:42 | AnonymousUser | URL=/api/users | GET 
RESPONSE | 2026-06-12 17:29:43 | AnonymousUser | URL=/api/users | 401 
REQUEST | 2026-06-12 17:29:57 | AnonymousUser | URL=/api/users | GET 
RESPONSE | 2026-06-12 17:29:57 | AnonymousUser | URL=/api/users | 401 
REQUEST | 2026-06-12 17:30:29 | AnonymousUser | URL=/api/auth/token/logout/ | POST 
RESPONSE | 2026-06-12 17:30:29 | AnonymousUser | URL=/api/auth/token/logout/ | 401 
REQUEST | 2026-06-12 17:30:33 | AnonymousUser | URL=/api/auth/token/logout/ | POST 
RESPONSE | 2026-06-12 17:30:33 | AnonymousUser | URL=/api/auth/token/logout/ | 401 
REQUEST | 2026-06-12 17:30:34 | AnonymousUser | URL=/api/auth/token/logout/ | POST 
RESPONSE | 2026-06-12 17:30:34 | AnonymousUser | URL=/api/auth/token/logout/ | 401 
REQUEST | 2026-06-12 17:30:35 | AnonymousUser | URL=/api/auth/token/logout/ | POST 
RESPONSE | 2026-06-12 17:30:35 | AnonymousUser | URL=/api/auth/token/logout/ | 401 
REQUEST | 2026-06-12 17:30:44 | AnonymousUser | URL=/api/auth/token/logout/ | POST 
RESPONSE | 2026-06-12 17:30:44 | AnonymousUser | URL=/api/auth/token/logout/ | 401 
REQUEST | 2026-06-12 17:31:18 | AnonymousUser | URL=/api/auth/token/logout/ | POST 
RESPONSE | 2026-06-12 17:31:18 | AnonymousUser | URL=/api/auth/token/logout/ | 401 
REQUEST | 2026-06-12 17:31:31 | AnonymousUser | URL=/api/auth/token/login | POST 
RESPONSE | 2026-06-12 17:31:31 | AnonymousUser | URL=/api/auth/token/login | 401 
REQUEST | 2026-06-12 17:31:51 | AnonymousUser | URL=/api/auth/token/login | POST 
RESPONSE | 2026-06-12 17:31:52 | AnonymousUser | URL=/api/auth/token/login | 200 
REQUEST | 2026-06-12 17:32:03 | AnonymousUser | URL=/api/users | GET 
RESPONSE | 2026-06-12 17:32:03 | AnonymousUser | URL=/api/users | 401 
REQUEST | 2026-06-12 17:32:19 | AnonymousUser | URL=/api/users | GET 
RESPONSE | 2026-06-12 17:32:19 | AnonymousUser | URL=/api/users | 401 
REQUEST | 2026-06-12 17:32:24 | AnonymousUser | URL=/api/users | GET 
RESPONSE | 2026-06-12 17:32:24 | AnonymousUser | URL=/api/users | 401 
REQUEST | 2026-06-12 17:32:26 | AnonymousUser | URL=/api/users | GET 
RESPONSE | 2026-06-12 17:32:26 | AnonymousUser | URL=/api/users | 401 
REQUEST | 2026-06-12 17:34:20 | AnonymousUser | URL=/api/reservations/ | DELETE 
RESPONSE | 2026-06-12 17:34:20 | AnonymousUser | URL=/api/reservations/ | 401 
REQUEST | 2026-06-12 17:34:30 | AnonymousUser | URL=/api/reservations/ | DELETE 
RESPONSE | 2026-06-12 17:34:31 | AnonymousUser | URL=/api/reservations/ | 405 
REQUEST | 2026-06-12 17:36:36 | AnonymousUser | URL=/api/reservations/ | DELETE 
RESPONSE | 2026-06-12 17:36:37 | AnonymousUser | URL=/api/reservations/ | 405 
REQUEST | 2026-06-12 17:37:02 | AnonymousUser | URL=/api/reservations/ | POST 
RESPONSE | 2026-06-12 17:37:03 | AnonymousUser | URL=/api/reservations/ | 201 
REQUEST | 2026-06-12 17:37:14 | AnonymousUser | URL=/api/reservations/ | DELETE 
RESPONSE | 2026-06-12 17:37:15 | AnonymousUser | URL=/api/reservations/ | 405 
REQUEST | 2026-06-12 17:37:35 | AnonymousUser | URL=/api/reservations/ | DELETE 
RESPONSE | 2026-06-12 17:37:35 | AnonymousUser | URL=/api/reservations/ | 405 
REQUEST | 2026-06-12 17:38:10 | AnonymousUser | URL=/api/reservations/ | DELETE 
RESPONSE | 2026-06-12 17:38:13 | AnonymousUser | URL=/api/reservations/ | 405 
REQUEST | 2026-06-12 17:40:33 | AnonymousUser | URL=/api/reservations/68793 | DELETE 
RESPONSE | 2026-06-12 17:40:33 | AnonymousUser | URL=/api/reservations/68793 | 404 
REQUEST | 2026-06-12 17:40:55 | AnonymousUser | URL=/api/reservations/ | DELETE 
RESPONSE | 2026-06-12 17:40:57 | AnonymousUser | URL=/api/reservations/ | 405 
REQUEST | 2026-06-12 17:42:46 | AnonymousUser | URL=/api/reservations/ | DELETE 
RESPONSE | 2026-06-12 17:42:48 | AnonymousUser | URL=/api/reservations/ | 405 
REQUEST | 2026-06-12 17:45:19 | AnonymousUser | URL=/api/reservations/68793 | DELETE 
RESPONSE | 2026-06-12 17:45:19 | AnonymousUser | URL=/api/reservations/68793 | 404 
REQUEST | 2026-06-12 17:45:31 | AnonymousUser | URL=/api/reservations/ | DELETE 
RESPONSE | 2026-06-12 17:45:35 | AnonymousUser | URL=/api/reservations/ | 405 
REQUEST | 2026-06-12 17:47:03 | AnonymousUser | URL=/api/reservations/68793/ | DELETE 
RESPONSE | 2026-06-12 17:47:05 | AnonymousUser | URL=/api/reservations/68793/ | 204 
REQUEST | 2026-06-12 17:47:12 | AnonymousUser | URL=/api/reservations | DELETE 
RESPONSE | 2026-06-12 17:47:12 | AnonymousUser | URL=/api/reservations | 404 
REQUEST | 2026-06-12 17:47:18 | AnonymousUser | URL=/api/reservations/ | DELETE 
RESPONSE | 2026-06-12 17:47:21 | AnonymousUser | URL=/api/reservations/ | 405 
REQUEST | 2026-06-12 17:47:27 | AnonymousUser | URL=/api/reservations/ | GET 
RESPONSE | 2026-06-12 17:47:30 | AnonymousUser | URL=/api/reservations/ | 200 
REQUEST | 2026-06-12 17:56:11 | test2 | URL=/api/reservations/ | POST 
RESPONSE | 2026-06-12 17:56:11 | test2 | URL=/api/reservations/ | 201 
REQUEST | 2026-06-12 17:56:11 | test1 | URL=/api/reservations/ | POST 
RESPONSE | 2026-06-12 17:56:11 | test1 | URL=/api/reservations/ | 201 
REQUEST | 2026-06-12 17:56:11 | AnonymousUser | URL=/api/reservations/ | POST 
RESPONSE | 2026-06-12 17:56:11 | AnonymousUser | URL=/api/reservations/ | 401 
REQUEST | 2026-06-12 17:56:55 | test2 | URL=/api/reservations/ | POST 
RESPONSE | 2026-06-12 17:56:55 | test2 | URL=/api/reservations/ | 201 
REQUEST | 2026-06-12 17:56:55 | test1 | URL=/api/reservations/ | POST 
RESPONSE | 2026-06-12 17:56:55 | test1 | URL=/api/reservations/ | 201 
REQUEST | 2026-06-12 17:56:55 | AnonymousUser | URL=/api/reservations/ | POST 
RESPONSE | 2026-06-12 17:56:55 | AnonymousUser | URL=/api/reservations/ | 401 
REQUEST | 2026-06-12 17:58:02 | test2 | URL=/api/reservations/ | POST 
RESPONSE | 2026-06-12 17:58:02 | test2 | URL=/api/reservations/ | 201 
REQUEST | 2026-06-12 17:58:02 | test1 | URL=/api/reservations/ | POST 
RESPONSE | 2026-06-12 17:58:02 | test1 | URL=/api/reservations/ | 201 
REQUEST | 2026-06-12 17:58:02 | AnonymousUser | URL=/api/reservations/ | POST 
RESPONSE | 2026-06-12 17:58:02 | AnonymousUser | URL=/api/reservations/ | 401 
REQUEST | 2026-06-12 17:58:11 | test2 | URL=/api/reservations/ | POST 
RESPONSE | 2026-06-12 17:58:11 | test2 | URL=/api/reservations/ | 201 
REQUEST | 2026-06-12 17:58:11 | test1 | URL=/api/reservations/ | POST 
RESPONSE | 2026-06-12 17:58:11 | test1 | URL=/api/reservations/ | 201 
REQUEST | 2026-06-12 17:58:11 | AnonymousUser | URL=/api/reservations/ | POST 
RESPONSE | 2026-06-12 17:58:11 | AnonymousUser | URL=/api/reservations/ | 401 
REQUEST | 2026-06-12 17:58:53 | test2 | URL=/api/reservations/ | POST 
RESPONSE | 2026-06-12 17:58:53 | test2 | URL=/api/reservations/ | 201 
REQUEST | 2026-06-12 17:58:53 | test1 | URL=/api/reservations/ | POST 
RESPONSE | 2026-06-12 17:58:53 | test1 | URL=/api/reservations/ | 201 
REQUEST | 2026-06-12 17:58:53 | AnonymousUser | URL=/api/reservations/ | POST 
RESPONSE | 2026-06-12 17:58:53 | AnonymousUser | URL=/api/reservations/ | 401 
REQUEST | 2026-06-12 17:59:10 | test2 | URL=/api/reservations/ | POST 
RESPONSE | 2026-06-12 17:59:10 | test2 | URL=/api/reservations/ | 201 
REQUEST | 2026-06-12 17:59:10 | test1 | URL=/api/reservations/ | POST 
RESPONSE | 2026-06-12 17:59:10 | test1 | URL=/api/reservations/ | 201 
REQUEST | 2026-06-12 17:59:10 | AnonymousUser | URL=/api/reservations/ | POST 
RESPONSE | 2026-06-12 17:59:10 | AnonymousUser | URL=/api/reservations/ | 401 
REQUEST | 2026-06-12 17:59:35 | test2 | URL=/api/reservations/ | POST 
RESPONSE | 2026-06-12 17:59:35 | test2 | URL=/api/reservations/ | 201 
REQUEST | 2026-06-12 17:59:35 | test1 | URL=/api/reservations/ | POST 
RESPONSE | 2026-06-12 17:59:35 | test1 | URL=/api/reservations/ | 201 
REQUEST | 2026-06-12 17:59:35 | AnonymousUser | URL=/api/reservations/ | POST 
RESPONSE | 2026-06-12 17:59:35 | AnonymousUser | URL=/api/reservations/ | 401 
REQUEST | 2026-06-12 18:02:07 | test2 | URL=/api/reservations/ | POST 
RESPONSE | 2026-06-12 18:02:07 | test2 | URL=/api/reservations/ | 201 
REQUEST | 2026-06-12 18:02:07 | test1 | URL=/api/reservations/ | POST 
RESPONSE | 2026-06-12 18:02:07 | test1 | URL=/api/reservations/ | 201 
REQUEST | 2026-06-12 18:02:07 | AnonymousUser | URL=/api/reservations/ | POST 
RESPONSE | 2026-06-12 18:02:07 | AnonymousUser | URL=/api/reservations/ | 401 
REQUEST | 2026-06-12 18:03:10 | test2 | URL=/api/reservations/ | POST 
RESPONSE | 2026-06-12 18:03:10 | test2 | URL=/api/reservations/ | 201 
REQUEST | 2026-06-12 18:03:10 | test1 | URL=/api/reservations/ | POST 
RESPONSE | 2026-06-12 18:03:10 | test1 | URL=/api/reservations/ | 201 
REQUEST | 2026-06-12 18:03:10 | AnonymousUser | URL=/api/reservations/ | POST 
RESPONSE | 2026-06-12 18:03:10 | AnonymousUser | URL=/api/reservations/ | 401 
REQUEST | 2026-06-12 18:03:27 | test2 | URL=/api/reservations/ | POST 
RESPONSE | 2026-06-12 18:03:27 | test2 | URL=/api/reservations/ | 201 
REQUEST | 2026-06-12 18:03:27 | test1 | URL=/api/reservations/ | POST 
RESPONSE | 2026-06-12 18:03:27 | test1 | URL=/api/reservations/ | 201 
REQUEST | 2026-06-12 18:03:27 | AnonymousUser | URL=/api/reservations/ | POST 
RESPONSE | 2026-06-12 18:03:27 | AnonymousUser | URL=/api/reservations/ | 401 
REQUEST | 2026-06-12 18:03:43 | test2 | URL=/api/reservations/ | POST 
RESPONSE | 2026-06-12 18:03:43 | test2 | URL=/api/reservations/ | 201 
REQUEST | 2026-06-12 18:03:43 | test1 | URL=/api/reservations/1/ | DELETE 
RESPONSE | 2026-06-12 18:03:43 | test1 | URL=/api/reservations/1/ | 403 
REQUEST | 2026-06-12 18:03:43 | test1 | URL=/api/reservations/ | POST 
RESPONSE | 2026-06-12 18:03:43 | test1 | URL=/api/reservations/ | 201 
REQUEST | 2026-06-12 18:03:43 | AnonymousUser | URL=/api/reservations/ | POST 
RESPONSE | 2026-06-12 18:03:43 | AnonymousUser | URL=/api/reservations/ | 401 
REQUEST | 2026-06-12 18:04:16 | test2 | URL=/api/reservations/ | POST 
RESPONSE | 2026-06-12 18:04:16 | test2 | URL=/api/reservations/ | 201 
REQUEST | 2026-06-12 18:04:16 | test1 | URL=/api/reservations/1/ | DELETE 
RESPONSE | 2026-06-12 18:04:16 | test1 | URL=/api/reservations/1/ | 403 
REQUEST | 2026-06-12 18:04:16 | test1 | URL=/api/reservations/ | POST 
RESPONSE | 2026-06-12 18:04:16 | test1 | URL=/api/reservations/ | 201 
REQUEST | 2026-06-12 18:04:16 | AnonymousUser | URL=/api/reservations/ | POST 
RESPONSE | 2026-06-12 18:04:16 | AnonymousUser | URL=/api/reservations/ | 401 
REQUEST | 2026-06-12 18:07:20 | test1 | URL=/api/reservations/ | POST 
RESPONSE | 2026-06-12 18:07:20 | test1 | URL=/api/reservations/ | 201 
REQUEST | 2026-06-12 18:07:20 | AnonymousUser | URL=/api/reservations/ | POST 
RESPONSE | 2026-06-12 18:07:20 | AnonymousUser | URL=/api/reservations/ | 401 
REQUEST | 2026-06-12 18:07:20 | test2 | URL=/api/reservations/ | POST 
RESPONSE | 2026-06-12 18:07:20 | test2 | URL=/api/reservations/ | 201 
REQUEST | 2026-06-12 18:07:20 | test1 | URL=/api/reservations/2/ | DELETE 
RESPONSE | 2026-06-12 18:07:20 | test1 | URL=/api/reservations/2/ | 403 
REQUEST | 2026-06-12 18:07:20 | test2 | URL=/api/reservations/ | POST 
RESPONSE | 2026-06-12 18:07:20 | test2 | URL=/api/reservations/ | 201 
REQUEST | 2026-06-12 18:07:20 | test2 | URL=/api/reservations/3/ | DELETE 
RESPONSE | 2026-06-12 18:07:20 | test2 | URL=/api/reservations/3/ | 204 
REQUEST | 2026-06-12 18:07:36 | test1 | URL=/api/reservations/ | POST 
RESPONSE | 2026-06-12 18:07:36 | test1 | URL=/api/reservations/ | 201 
REQUEST | 2026-06-12 18:07:36 | AnonymousUser | URL=/api/reservations/ | POST 
RESPONSE | 2026-06-12 18:07:36 | AnonymousUser | URL=/api/reservations/ | 401 
REQUEST | 2026-06-12 18:07:36 | test2 | URL=/api/reservations/ | POST 
RESPONSE | 2026-06-12 18:07:36 | test2 | URL=/api/reservations/ | 201 
REQUEST | 2026-06-12 18:07:36 | test1 | URL=/api/reservations/2/ | DELETE 
RESPONSE | 2026-06-12 18:07:36 | test1 | URL=/api/reservations/2/ | 403 
REQUEST | 2026-06-12 18:07:36 | test2 | URL=/api/reservations/ | POST 
RESPONSE | 2026-06-12 18:07:36 | test2 | URL=/api/reservations/ | 201 
REQUEST | 2026-06-12 18:07:36 | test2 | URL=/api/reservations/3/ | DELETE 
RESPONSE | 2026-06-12 18:07:36 | test2 | URL=/api/reservations/3/ | 204 
REQUEST | 2026-06-12 18:17:16 | test2 | URL=/api/reservations/ | POST 
RESPONSE | 2026-06-12 18:17:16 | test2 | URL=/api/reservations/ | 201 
REQUEST | 2026-06-12 18:17:16 | test1 | URL=/api/reservations/1/ | DELETE 
RESPONSE | 2026-06-12 18:17:16 | test1 | URL=/api/reservations/1/ | 403 
REQUEST | 2026-06-12 18:17:16 | test2 | URL=/api/reservations/ | POST 
RESPONSE | 2026-06-12 18:17:16 | test2 | URL=/api/reservations/ | 201 
REQUEST | 2026-06-12 18:17:16 | test2 | URL=/api/reservations/2/ | DELETE 
RESPONSE | 2026-06-12 18:17:16 | test2 | URL=/api/reservations/2/ | 204 
REQUEST | 2026-06-12 18:17:16 | test1 | URL=/api/reservations/ | POST 
RESPONSE | 2026-06-12 18:17:16 | test1 | URL=/api/reservations/ | 201 
REQUEST | 2026-06-12 18:17:16 | test1 | URL=/api/reservations/ | POST 
RESPONSE | 2026-06-12 18:17:16 | test1 | URL=/api/reservations/ | 201 
REQUEST | 2026-06-12 18:17:16 | test1 | URL=/api/reservations/ | POST 
RESPONSE | 2026-06-12 18:17:16 | test1 | URL=/api/reservations/ | 201 
REQUEST | 2026-06-12 18:17:16 | test1 | URL=/api/reservations/ | GET 
RESPONSE | 2026-06-12 18:17:16 | test1 | URL=/api/reservations/ | 200 
REQUEST | 2026-06-12 18:18:24 | test1 | URL=/api/reservations/ | POST 
RESPONSE | 2026-06-12 18:18:24 | test1 | URL=/api/reservations/ | 201 
REQUEST | 2026-06-12 18:18:24 | AnonymousUser | URL=/api/reservations/ | POST 
RESPONSE | 2026-06-12 18:18:24 | AnonymousUser | URL=/api/reservations/ | 401 
REQUEST | 2026-06-12 18:18:24 | test2 | URL=/api/reservations/ | POST 
RESPONSE | 2026-06-12 18:18:24 | test2 | URL=/api/reservations/ | 201 
REQUEST | 2026-06-12 18:18:24 | test1 | URL=/api/reservations/2/ | DELETE 
RESPONSE | 2026-06-12 18:18:24 | test1 | URL=/api/reservations/2/ | 403 
REQUEST | 2026-06-12 18:18:24 | test2 | URL=/api/reservations/ | POST 
RESPONSE | 2026-06-12 18:18:24 | test2 | URL=/api/reservations/ | 201 
REQUEST | 2026-06-12 18:18:24 | test2 | URL=/api/reservations/3/ | DELETE 
RESPONSE | 2026-06-12 18:18:24 | test2 | URL=/api/reservations/3/ | 204 
REQUEST | 2026-06-12 18:18:24 | test1 | URL=/api/reservations/ | POST 
RESPONSE | 2026-06-12 18:18:24 | test1 | URL=/api/reservations/ | 201 
REQUEST | 2026-06-12 18:18:24 | test1 | URL=/api/reservations/ | POST 
RESPONSE | 2026-06-12 18:18:24 | test1 | URL=/api/reservations/ | 201 
REQUEST | 2026-06-12 18:18:24 | test1 | URL=/api/reservations/ | POST 
RESPONSE | 2026-06-12 18:18:24 | test1 | URL=/api/reservations/ | 201 
REQUEST | 2026-06-12 18:18:24 | test1 | URL=/api/reservations/ | GET 
RESPONSE | 2026-06-12 18:18:24 | test1 | URL=/api/reservations/ | 200 
REQUEST | 2026-06-12 18:36:31 | test1 | URL=/api/reservations/ | POST 
RESPONSE | 2026-06-12 18:36:31 | test1 | URL=/api/reservations/ | 201 
REQUEST | 2026-06-12 18:36:31 | AnonymousUser | URL=/api/reservations/ | POST 
RESPONSE | 2026-06-12 18:36:31 | AnonymousUser | URL=/api/reservations/ | 401 
REQUEST | 2026-06-12 18:36:31 | test2 | URL=/api/reservations/ | POST 
RESPONSE | 2026-06-12 18:36:31 | test2 | URL=/api/reservations/ | 201 
REQUEST | 2026-06-12 18:36:31 | test1 | URL=/api/reservations/2/ | DELETE 
RESPONSE | 2026-06-12 18:36:31 | test1 | URL=/api/reservations/2/ | 403 
REQUEST | 2026-06-12 18:36:31 | test2 | URL=/api/reservations/ | POST 
RESPONSE | 2026-06-12 18:36:31 | test2 | URL=/api/reservations/ | 201 
REQUEST | 2026-06-12 18:36:31 | test2 | URL=/api/reservations/3/ | DELETE 
RESPONSE | 2026-06-12 18:36:31 | test2 | URL=/api/reservations/3/ | 204 
REQUEST | 2026-06-12 18:36:31 | test1 | URL=/api/reservations/ | POST 
RESPONSE | 2026-06-12 18:36:31 | test1 | URL=/api/reservations/ | 201 
REQUEST | 2026-06-12 18:36:31 | test1 | URL=/api/reservations/ | POST 
RESPONSE | 2026-06-12 18:36:31 | test1 | URL=/api/reservations/ | 201 
REQUEST | 2026-06-12 18:36:31 | test1 | URL=/api/reservations/ | POST 
RESPONSE | 2026-06-12 18:36:31 | test1 | URL=/api/reservations/ | 201 
REQUEST | 2026-06-12 18:36:31 | test1 | URL=/api/reservations/ | GET 
RESPONSE | 2026-06-12 18:36:31 | test1 | URL=/api/reservations/ | 200 
REQUEST | 2026-06-12 18:38:14 | test1 | URL=/api/reservations/ | POST 
RESPONSE | 2026-06-12 18:38:14 | test1 | URL=/api/reservations/ | 201 
REQUEST | 2026-06-12 18:38:14 | AnonymousUser | URL=/api/reservations/ | POST 
RESPONSE | 2026-06-12 18:38:14 | AnonymousUser | URL=/api/reservations/ | 401 
REQUEST | 2026-06-12 18:38:14 | test2 | URL=/api/reservations/ | POST 
RESPONSE | 2026-06-12 18:38:14 | test2 | URL=/api/reservations/ | 201 
REQUEST | 2026-06-12 18:38:14 | test1 | URL=/api/reservations/2/ | DELETE 
RESPONSE | 2026-06-12 18:38:14 | test1 | URL=/api/reservations/2/ | 403 
REQUEST | 2026-06-12 18:38:14 | test2 | URL=/api/reservations/ | POST 
RESPONSE | 2026-06-12 18:38:14 | test2 | URL=/api/reservations/ | 201 
REQUEST | 2026-06-12 18:38:14 | test2 | URL=/api/reservations/3/ | DELETE 
RESPONSE | 2026-06-12 18:38:14 | test2 | URL=/api/reservations/3/ | 204 
REQUEST | 2026-06-12 18:38:14 | test1 | URL=/api/reservations/ | POST 
RESPONSE | 2026-06-12 18:38:14 | test1 | URL=/api/reservations/ | 201 
REQUEST | 2026-06-12 18:38:14 | test1 | URL=/api/reservations/ | POST 
RESPONSE | 2026-06-12 18:38:14 | test1 | URL=/api/reservations/ | 201 
REQUEST | 2026-06-12 18:38:14 | test1 | URL=/api/reservations/ | POST 
RESPONSE | 2026-06-12 18:38:14 | test1 | URL=/api/reservations/ | 201 
REQUEST | 2026-06-12 18:38:14 | test1 | URL=/api/reservations/ | GET 
RESPONSE | 2026-06-12 18:38:14 | test1 | URL=/api/reservations/ | 200 
REQUEST | 2026-06-12 18:38:43 | test1 | URL=/api/reservations/ | POST 
RESPONSE | 2026-06-12 18:38:43 | test1 | URL=/api/reservations/ | 201 
REQUEST | 2026-06-12 18:38:43 | AnonymousUser | URL=/api/reservations/ | POST 
RESPONSE | 2026-06-12 18:38:43 | AnonymousUser | URL=/api/reservations/ | 401 
REQUEST | 2026-06-12 18:38:43 | test2 | URL=/api/reservations/ | POST 
RESPONSE | 2026-06-12 18:38:43 | test2 | URL=/api/reservations/ | 201 
REQUEST | 2026-06-12 18:38:43 | test1 | URL=/api/reservations/2/ | DELETE 
RESPONSE | 2026-06-12 18:38:43 | test1 | URL=/api/reservations/2/ | 403 
REQUEST | 2026-06-12 18:38:43 | test2 | URL=/api/reservations/ | POST 
RESPONSE | 2026-06-12 18:38:43 | test2 | URL=/api/reservations/ | 201 
REQUEST | 2026-06-12 18:38:43 | test2 | URL=/api/reservations/3/ | DELETE 
RESPONSE | 2026-06-12 18:38:43 | test2 | URL=/api/reservations/3/ | 204 
REQUEST | 2026-06-12 18:38:43 | test1 | URL=/api/reservations/ | POST 
RESPONSE | 2026-06-12 18:38:43 | test1 | URL=/api/reservations/ | 201 
REQUEST | 2026-06-12 18:38:43 | test1 | URL=/api/reservations/ | POST 
RESPONSE | 2026-06-12 18:38:43 | test1 | URL=/api/reservations/ | 201 
REQUEST | 2026-06-12 18:38:43 | test1 | URL=/api/reservations/ | POST 
RESPONSE | 2026-06-12 18:38:43 | test1 | URL=/api/reservations/ | 201 
REQUEST | 2026-06-12 18:38:43 | test1 | URL=/api/reservations/ | GET 
RESPONSE | 2026-06-12 18:38:43 | test1 | URL=/api/reservations/ | 200 
REQUEST | 2026-06-12 18:39:16 | test1 | URL=/api/reservations/ | POST 
RESPONSE | 2026-06-12 18:39:16 | test1 | URL=/api/reservations/ | 201 
REQUEST | 2026-06-12 18:39:16 | AnonymousUser | URL=/api/reservations/ | POST 
RESPONSE | 2026-06-12 18:39:16 | AnonymousUser | URL=/api/reservations/ | 401 
REQUEST | 2026-06-12 18:39:17 | test2 | URL=/api/reservations/ | POST 
RESPONSE | 2026-06-12 18:39:17 | test2 | URL=/api/reservations/ | 201 
REQUEST | 2026-06-12 18:39:17 | test1 | URL=/api/reservations/2/ | DELETE 
RESPONSE | 2026-06-12 18:39:17 | test1 | URL=/api/reservations/2/ | 403 
REQUEST | 2026-06-12 18:39:17 | test2 | URL=/api/reservations/ | POST 
RESPONSE | 2026-06-12 18:39:17 | test2 | URL=/api/reservations/ | 201 
REQUEST | 2026-06-12 18:39:17 | test2 | URL=/api/reservations/3/ | DELETE 
RESPONSE | 2026-06-12 18:39:17 | test2 | URL=/api/reservations/3/ | 204 
REQUEST | 2026-06-12 18:39:17 | test1 | URL=/api/reservations/ | POST 
RESPONSE | 2026-06-12 18:39:17 | test1 | URL=/api/reservations/ | 201 
REQUEST | 2026-06-12 18:39:17 | test1 | URL=/api/reservations/ | POST 
RESPONSE | 2026-06-12 18:39:17 | test1 | URL=/api/reservations/ | 201 
REQUEST | 2026-06-12 18:39:17 | test1 | URL=/api/reservations/ | POST 
RESPONSE | 2026-06-12 18:39:17 | test1 | URL=/api/reservations/ | 201 
REQUEST | 2026-06-12 18:39:17 | test1 | URL=/api/reservations/ | GET 
RESPONSE | 2026-06-12 18:39:17 | test1 | URL=/api/reservations/ | 200 
REQUEST | 2026-06-12 18:41:33 | AnonymousUser | URL=/api/authusers/ | POST 
RESPONSE | 2026-06-12 18:41:33 | AnonymousUser | URL=/api/authusers/ | 400 
REQUEST | 2026-06-12 18:42:05 | AnonymousUser | URL=/api/authusers/ | POST 
RESPONSE | 2026-06-12 18:42:05 | AnonymousUser | URL=/api/authusers/ | 400 
REQUEST | 2026-06-12 18:42:30 | AnonymousUser | URL=/api/authusers/ | POST 
RESPONSE | 2026-06-12 18:42:31 | AnonymousUser | URL=/api/authusers/ | 201 
REQUEST | 2026-06-12 18:42:45 | AnonymousUser | URL=/api/authusers/ | POST 
RESPONSE | 2026-06-12 18:42:46 | AnonymousUser | URL=/api/authusers/ | 201 
REQUEST | 2026-06-12 18:43:19 | AnonymousUser | URL=/api/authusers/ | POST 
RESPONSE | 2026-06-12 18:43:20 | AnonymousUser | URL=/api/authusers/ | 201 
REQUEST | 2026-06-12 18:43:32 | AnonymousUser | URL=/api/authusers/ | POST 
RESPONSE | 2026-06-12 18:43:33 | AnonymousUser | URL=/api/authusers/ | 201 
REQUEST | 2026-06-12 18:47:15 | user | URL=/api/authusers/ | GET 
RESPONSE | 2026-06-12 18:47:15 | user | URL=/api/authusers/ | 200 
REQUEST | 2026-06-12 18:47:15 | AnonymousUser | URL=/api/authusers/ | POST 
RESPONSE | 2026-06-12 18:47:16 | AnonymousUser | URL=/api/authusers/ | 201 
REQUEST | 2026-06-12 18:47:40 | user | URL=/api/authusers/ | GET 
RESPONSE | 2026-06-12 18:47:40 | user | URL=/api/authusers/ | 200 
REQUEST | 2026-06-12 18:47:40 | AnonymousUser | URL=/api/authusers/ | POST 
RESPONSE | 2026-06-12 18:47:42 | AnonymousUser | URL=/api/authusers/ | 201 
REQUEST | 2026-06-12 18:48:47 | user | URL=/api/authusers/ | GET 
RESPONSE | 2026-06-12 18:48:47 | user | URL=/api/authusers/ | 200 
REQUEST | 2026-06-12 18:48:47 | AnonymousUser | URL=/api/authusers/ | POST 
RESPONSE | 2026-06-12 18:48:49 | AnonymousUser | URL=/api/authusers/ | 201 
REQUEST | 2026-06-12 18:50:38 | user | URL=/api/authusers/ | GET 
RESPONSE | 2026-06-12 18:50:38 | user | URL=/api/authusers/ | 200 
REQUEST | 2026-06-12 18:50:38 | AnonymousUser | URL=/api/authusers/ | POST 
RESPONSE | 2026-06-12 18:50:39 | AnonymousUser | URL=/api/authusers/ | 201 
REQUEST | 2026-06-12 18:57:15 | user | URL=/api/authusers/ | GET 
RESPONSE | 2026-06-12 18:57:15 | user | URL=/api/authusers/ | 200 
REQUEST | 2026-06-12 18:57:15 | AnonymousUser | URL=/api/authusers/ | POST 
RESPONSE | 2026-06-12 18:57:17 | AnonymousUser | URL=/api/authusers/ | 201 
REQUEST | 2026-06-12 18:58:52 | user | URL=/api/authusers/ | GET 
RESPONSE | 2026-06-12 18:58:52 | user | URL=/api/authusers/ | 200 
REQUEST | 2026-06-12 18:58:52 | AnonymousUser | URL=/api/authusers/ | POST 
REQUEST | 2026-06-12 18:59:34 | user | URL=/api/authusers/ | GET 
RESPONSE | 2026-06-12 18:59:34 | user | URL=/api/authusers/ | 200 
REQUEST | 2026-06-12 18:59:34 | AnonymousUser | URL=/api/authusers/ | POST 
RESPONSE | 2026-06-12 18:59:36 | AnonymousUser | URL=/api/authusers/ | 201 
REQUEST | 2026-06-12 19:01:25 | user | URL=/api/authusers/ | GET 
RESPONSE | 2026-06-12 19:01:25 | user | URL=/api/authusers/ | 200 
REQUEST | 2026-06-12 19:01:25 | AnonymousUser | URL=/api/authusers/ | POST 
RESPONSE | 2026-06-12 19:01:26 | AnonymousUser | URL=/api/authusers/ | 201 
REQUEST | 2026-06-12 19:05:29 | user | URL=/api/users/ | GET 
RESPONSE | 2026-06-12 19:05:29 | user | URL=/api/users/ | 403 
REQUEST | 2026-06-12 19:05:29 | AnonymousUser | URL=/api/users/ | POST 
RESPONSE | 2026-06-12 19:05:30 | AnonymousUser | URL=/api/users/ | 201 
REQUEST | 2026-06-12 19:29:19 | admin | URL=/api/users/ | GET 
RESPONSE | 2026-06-12 19:29:19 | admin | URL=/api/users/ | 200 
REQUEST | 2026-06-12 19:29:19 | user | URL=/api/users/ | GET 
RESPONSE | 2026-06-12 19:29:19 | user | URL=/api/users/ | 403 
REQUEST | 2026-06-12 19:29:19 | AnonymousUser | URL=/api/users/ | POST 
RESPONSE | 2026-06-12 19:29:19 | AnonymousUser | URL=/api/users/ | 201 
REQUEST | 2026-06-12 19:43:00 | AnonymousUser | URL=/ | GET 
RESPONSE | 2026-06-12 19:43:00 | AnonymousUser | URL=/ | 200 
REQUEST | 2026-06-12 19:43:01 | AnonymousUser | URL=/favicon.ico | GET 
RESPONSE | 2026-06-12 19:43:01 | AnonymousUser | URL=/favicon.ico | 404 
REQUEST | 2026-06-12 19:43:07 | AnonymousUser | URL=/reservation/ | GET 
RESPONSE | 2026-06-12 19:43:07 | AnonymousUser | URL=/reservation/ | 404 
REQUEST | 2026-06-12 19:43:10 | AnonymousUser | URL=/reservation | GET 
RESPONSE | 2026-06-12 19:43:10 | AnonymousUser | URL=/reservation | 404 
REQUEST | 2026-06-12 19:43:27 | AnonymousUser | URL=/api/reservations/ | GET 
RESPONSE | 2026-06-12 19:43:27 | AnonymousUser | URL=/api/reservations/ | 200 
REQUEST | 2026-06-12 19:43:36 | AnonymousUser | URL=/api/reservations/ | GET 
RESPONSE | 2026-06-12 19:43:36 | AnonymousUser | URL=/api/reservations/ | 200 
REQUEST | 2026-06-12 19:43:37 | AnonymousUser | URL=/api/reservations/ | GET 
RESPONSE | 2026-06-12 19:43:37 | AnonymousUser | URL=/api/reservations/ | 200 
REQUEST | 2026-06-12 19:43:37 | AnonymousUser | URL=/api/reservations/ | GET 
RESPONSE | 2026-06-12 19:43:37 | AnonymousUser | URL=/api/reservations/ | 200 
REQUEST | 2026-06-12 19:43:40 | AnonymousUser | URL=/api/reservations/?page=2 | GET 
RESPONSE | 2026-06-12 19:43:40 | AnonymousUser | URL=/api/reservations/?page=2 | 200 
REQUEST | 2026-06-12 19:43:42 | AnonymousUser | URL=/api/reservations/?page=2 | GET 
RESPONSE | 2026-06-12 19:43:42 | AnonymousUser | URL=/api/reservations/?page=2 | 200 
REQUEST | 2026-06-12 19:43:43 | AnonymousUser | URL=/api/reservations/?page=2 | GET 
RESPONSE | 2026-06-12 19:43:43 | AnonymousUser | URL=/api/reservations/?page=2 | 200 
REQUEST | 2026-06-12 19:43:45 | AnonymousUser | URL=/api/reservations/?page=3 | GET 
RESPONSE | 2026-06-12 19:43:46 | AnonymousUser | URL=/api/reservations/?page=3 | 200 
REQUEST | 2026-06-12 19:43:47 | AnonymousUser | URL=/api/reservations/?page=3 | GET 
RESPONSE | 2026-06-12 19:43:47 | AnonymousUser | URL=/api/reservations/?page=3 | 200 
REQUEST | 2026-06-12 20:07:15 | AnonymousUser | URL=/ | GET 
RESPONSE | 2026-06-12 20:07:15 | AnonymousUser | URL=/ | 200 
REQUEST | 2026-06-12 20:07:21 | AnonymousUser | URL=/api/reservations/my | GET 
RESPONSE | 2026-06-12 20:07:21 | AnonymousUser | URL=/api/reservations/my | 404 
REQUEST | 2026-06-12 20:07:21 | AnonymousUser | URL=/api/reservations/my/ | GET 
RESPONSE | 2026-06-12 20:07:22 | AnonymousUser | URL=/api/reservations/my/ | 500 
REQUEST | 2026-06-12 20:07:36 | AnonymousUser | URL=/api/reservations/my/ | GET 
RESPONSE | 2026-06-12 20:07:37 | AnonymousUser | URL=/api/reservations/my/ | 500 
REQUEST | 2026-06-12 20:08:26 | AnonymousUser | URL=/auth/login | GET 
RESPONSE | 2026-06-12 20:08:26 | AnonymousUser | URL=/auth/login | 200 
REQUEST | 2026-06-12 20:08:32 | AnonymousUser | URL=/auth/login | POST 
RESPONSE | 2026-06-12 20:08:33 | AnonymousUser | URL=/auth/login | 200 
REQUEST | 2026-06-12 20:08:34 | AnonymousUser | URL=/auth/login | POST 
RESPONSE | 2026-06-12 20:08:35 | AnonymousUser | URL=/auth/login | 302 
REQUEST | 2026-06-12 20:08:35 | admin | URL=/ | GET 
RESPONSE | 2026-06-12 20:08:35 | admin | URL=/ | 200 
REQUEST | 2026-06-12 20:08:41 | admin | URL=/api/reservations/my | GET 
RESPONSE | 2026-06-12 20:08:41 | admin | URL=/api/reservations/my | 404 
REQUEST | 2026-06-12 20:08:41 | admin | URL=/api/reservations/my/ | GET 
RESPONSE | 2026-06-12 20:08:42 | admin | URL=/api/reservations/my/ | 200 
REQUEST | 2026-06-12 20:09:03 | admin | URL=/api/reservations/my/ | GET 
RESPONSE | 2026-06-12 20:09:03 | admin | URL=/api/reservations/my/ | 200 
REQUEST | 2026-06-12 20:09:04 | admin | URL=/api/reservations/my/?page=2 | GET 
RESPONSE | 2026-06-12 20:09:05 | admin | URL=/api/reservations/my/?page=2 | 200 
REQUEST | 2026-06-12 20:09:15 | admin | URL=/api/reservations/my/?page=3 | GET 
RESPONSE | 2026-06-12 20:09:15 | admin | URL=/api/reservations/my/?page=3 | 200 
REQUEST | 2026-06-12 20:10:17 | admin | URL=/api/reservations/my/?page=3 | GET 
RESPONSE | 2026-06-12 20:10:17 | admin | URL=/api/reservations/my/?page=3 | 200 
REQUEST | 2026-06-12 20:10:19 | admin | URL=/api/reservations/my/?page=3 | GET 
RESPONSE | 2026-06-12 20:10:19 | admin | URL=/api/reservations/my/?page=3 | 200 
REQUEST | 2026-06-12 20:10:34 | admin | URL=/api/reservations/my/?table__number=76&date= | GET 
RESPONSE | 2026-06-12 20:10:34 | admin | URL=/api/reservations/my/?table__number=76&date= | 200 
REQUEST | 2026-06-12 20:12:05 | admin | URL=/api/reservations/my/?table__number=76&date= | GET 
RESPONSE | 2026-06-12 20:12:06 | admin | URL=/api/reservations/my/?table__number=76&date= | 200 
REQUEST | 2026-06-12 20:12:20 | admin | URL=/api/reservations/my/?table__number=76&date= | GET 
RESPONSE | 2026-06-12 20:12:20 | admin | URL=/api/reservations/my/?table__number=76&date= | 500 
REQUEST | 2026-06-12 20:12:39 | admin | URL=/api/reservations/my/?table__number=76&date= | GET 
RESPONSE | 2026-06-12 20:12:39 | admin | URL=/api/reservations/my/?table__number=76&date= | 200 
REQUEST | 2026-06-12 20:12:40 | admin | URL=/api/reservations/my/?table__number=76&date= | GET 
RESPONSE | 2026-06-12 20:12:40 | admin | URL=/api/reservations/my/?table__number=76&date= | 200 
REQUEST | 2026-06-12 20:13:18 | admin | URL=/api/reservations/my/?table__number=76&date= | GET 
RESPONSE | 2026-06-12 20:13:18 | admin | URL=/api/reservations/my/?table__number=76&date= | 200 
REQUEST | 2026-06-12 20:15:57 | admin | URL=/api/reservations/my/?table__number=76&date= | GET 
RESPONSE | 2026-06-12 20:15:57 | admin | URL=/api/reservations/my/?table__number=76&date= | 200 
REQUEST | 2026-06-12 20:16:09 | admin | URL=/api/reservations/my/?table__number=76&date= | GET 
RESPONSE | 2026-06-12 20:16:10 | admin | URL=/api/reservations/my/?table__number=76&date= | 200 
REQUEST | 2026-06-12 20:16:15 | admin | URL=/api/reservations/my/ | GET 
RESPONSE | 2026-06-12 20:16:15 | admin | URL=/api/reservations/my/ | 200 
REQUEST | 2026-06-12 20:16:23 | admin | URL=/api/reservations/my/ | GET 
RESPONSE | 2026-06-12 20:16:23 | admin | URL=/api/reservations/my/ | 200 
REQUEST | 2026-06-12 20:16:25 | admin | URL=/api/reservations/my/?page=2 | GET 
RESPONSE | 2026-06-12 20:16:25 | admin | URL=/api/reservations/my/?page=2 | 200 
REQUEST | 2026-06-12 20:16:28 | admin | URL=/api/reservations/my/?page=3 | GET 
RESPONSE | 2026-06-12 20:16:28 | admin | URL=/api/reservations/my/?page=3 | 200 
REQUEST | 2026-06-12 20:16:29 | admin | URL=/api/reservations/my/?page=4 | GET 
RESPONSE | 2026-06-12 20:16:29 | admin | URL=/api/reservations/my/?page=4 | 200 
REQUEST | 2026-06-12 20:16:33 | admin | URL=/api/reservations/my/ | GET 
RESPONSE | 2026-06-12 20:16:33 | admin | URL=/api/reservations/my/ | 200 
REQUEST | 2026-06-12 20:16:39 | admin | URL=/api/reservations/my/ | GET 
RESPONSE | 2026-06-12 20:16:39 | admin | URL=/api/reservations/my/ | 200 
REQUEST | 2026-06-12 20:16:42 | admin | URL=/api/reservations/my/?page=2 | GET 
RESPONSE | 2026-06-12 20:16:42 | admin | URL=/api/reservations/my/?page=2 | 200 
REQUEST | 2026-06-12 20:17:11 | admin | URL=/api/reservations/my/ | GET 
RESPONSE | 2026-06-12 20:17:12 | admin | URL=/api/reservations/my/ | 200 
REQUEST | 2026-06-12 20:17:12 | admin | URL=/api/reservations/my/ | GET 
RESPONSE | 2026-06-12 20:17:13 | admin | URL=/api/reservations/my/ | 200 
REQUEST | 2026-06-12 20:17:50 | admin | URL=/api/reservations/my/ | GET 
RESPONSE | 2026-06-12 20:17:51 | admin | URL=/api/reservations/my/ | 200 
REQUEST | 2026-06-12 20:17:55 | admin | URL=/api/reservations/my/?page=2 | GET 
RESPONSE | 2026-06-12 20:17:55 | admin | URL=/api/reservations/my/?page=2 | 200 
REQUEST | 2026-06-12 20:18:18 | admin | URL=/api/reservations/my/ | GET 
RESPONSE | 2026-06-12 20:18:18 | admin | URL=/api/reservations/my/ | 200 
REQUEST | 2026-06-12 20:18:37 | admin | URL=/api/reservations/my/ | OPTIONS 
RESPONSE | 2026-06-12 20:18:37 | admin | URL=/api/reservations/my/ | 200 
REQUEST | 2026-06-12 20:18:37 | admin | URL=/__debug__/history_sidebar/?request_id=9478bf615d4942dcbc68a849830d643b | GET 
RESPONSE | 2026-06-12 20:18:37 | admin | URL=/__debug__/history_sidebar/?request_id=9478bf615d4942dcbc68a849830d643b | 200 
REQUEST | 2026-06-12 20:18:38 | admin | URL=/api/reservations/my/ | OPTIONS 
RESPONSE | 2026-06-12 20:18:38 | admin | URL=/api/reservations/my/ | 200 
REQUEST | 2026-06-12 20:18:39 | admin | URL=/__debug__/history_sidebar/?request_id=b0a2d37378de48889a7b534a8de7616a | GET 
RESPONSE | 2026-06-12 20:18:39 | admin | URL=/__debug__/history_sidebar/?request_id=b0a2d37378de48889a7b534a8de7616a | 200 
REQUEST | 2026-06-12 20:18:39 | admin | URL=/__debug__/history_sidebar/?request_id=b0a2d37378de48889a7b534a8de7616a | GET 
RESPONSE | 2026-06-12 20:18:39 | admin | URL=/__debug__/history_sidebar/?request_id=b0a2d37378de48889a7b534a8de7616a | 200 
REQUEST | 2026-06-12 20:18:43 | admin | URL=/api/reservations/my/ | GET 
RESPONSE | 2026-06-12 20:18:43 | admin | URL=/api/reservations/my/ | 200 
REQUEST | 2026-06-12 20:19:02 | admin | URL=/api/reservations/my/?table__number=34&date= | GET 
RESPONSE | 2026-06-12 20:19:02 | admin | URL=/api/reservations/my/?table__number=34&date= | 200 
REQUEST | 2026-06-12 20:19:15 | admin | URL=/api/reservations/my/?date=&page=2&table__number=34 | GET 
RESPONSE | 2026-06-12 20:19:15 | admin | URL=/api/reservations/my/?date=&page=2&table__number=34 | 200 
REQUEST | 2026-06-12 20:27:24 | admin | URL=/api/reservations/my/?date=&page=2&table__number=34 | GET 
RESPONSE | 2026-06-12 20:27:25 | admin | URL=/api/reservations/my/?date=&page=2&table__number=34 | 200 
REQUEST | 2026-06-12 20:27:29 | admin | URL=/api/reservations/my/?date=&page=2&table__number=34 | GET 
RESPONSE | 2026-06-12 20:27:29 | admin | URL=/api/reservations/my/?date=&page=2&table__number=34 | 200 
REQUEST | 2026-06-12 20:27:29 | admin | URL=/api/reservations/my/?date=&page=2&table__number=34 | GET 
RESPONSE | 2026-06-12 20:27:30 | admin | URL=/api/reservations/my/?date=&page=2&table__number=34 | 200 
REQUEST | 2026-06-12 20:27:32 | admin | URL=/api/reservations/my/?date=&table__number=34 | GET 
RESPONSE | 2026-06-12 20:27:33 | admin | URL=/api/reservations/my/?date=&table__number=34 | 200 
REQUEST | 2026-06-12 20:27:39 | admin | URL=/api/reservations/my/ | GET 
RESPONSE | 2026-06-12 20:27:39 | admin | URL=/api/reservations/my/ | 500 
REQUEST | 2026-06-12 20:27:53 | admin | URL=/api/reservations/my/ | GET 
RESPONSE | 2026-06-12 20:27:53 | admin | URL=/api/reservations/my/ | 200 
REQUEST | 2026-06-12 20:27:56 | admin | URL=/api/reservations/my/ | GET 
RESPONSE | 2026-06-12 20:27:56 | admin | URL=/api/reservations/my/ | 200 
REQUEST | 2026-06-12 20:27:57 | admin | URL=/api/reservations/my/ | GET 
RESPONSE | 2026-06-12 20:27:57 | admin | URL=/api/reservations/my/ | 200 
REQUEST | 2026-06-12 20:27:58 | admin | URL=/api/reservations/my/ | GET 
RESPONSE | 2026-06-12 20:27:58 | admin | URL=/api/reservations/my/ | 200 
REQUEST | 2026-06-12 20:27:58 | admin | URL=/api/reservations/my/ | GET 
RESPONSE | 2026-06-12 20:27:59 | admin | URL=/api/reservations/my/ | 200 
REQUEST | 2026-06-12 20:27:59 | admin | URL=/api/reservations/my/ | GET 
RESPONSE | 2026-06-12 20:27:59 | admin | URL=/api/reservations/my/ | 200 
REQUEST | 2026-06-12 20:27:59 | admin | URL=/api/reservations/my/ | GET 
RESPONSE | 2026-06-12 20:27:59 | admin | URL=/api/reservations/my/ | 200 
REQUEST | 2026-06-12 20:28:02 | admin | URL=/api/reservations/my/?page=2 | GET 
RESPONSE | 2026-06-12 20:28:02 | admin | URL=/api/reservations/my/?page=2 | 200 
REQUEST | 2026-06-12 20:28:04 | admin | URL=/api/reservations/my/?page=2 | GET 
RESPONSE | 2026-06-12 20:28:05 | admin | URL=/api/reservations/my/?page=2 | 200 
REQUEST | 2026-06-12 20:28:06 | admin | URL=/__debug__/render_panel/?request_id=c8c3a4010e114ad58dced3cd12e6742e&panel_id=SQLPanel | GET 
RESPONSE | 2026-06-12 20:28:06 | admin | URL=/__debug__/render_panel/?request_id=c8c3a4010e114ad58dced3cd12e6742e&panel_id=SQLPanel | 200 
REQUEST | 2026-06-12 20:28:22 | admin | URL=/__debug__/render_panel/?request_id=c8c3a4010e114ad58dced3cd12e6742e&panel_id=CachePanel | GET 
RESPONSE | 2026-06-12 20:28:22 | admin | URL=/__debug__/render_panel/?request_id=c8c3a4010e114ad58dced3cd12e6742e&panel_id=CachePanel | 200 
REQUEST | 2026-06-12 20:37:31 | admin | URL=/api/reservations/my/ | GET 
RESPONSE | 2026-06-12 20:37:31 | admin | URL=/api/reservations/my/ | 200 
REQUEST | 2026-06-12 20:37:44 | admin | URL=/api/reservations/my/ | GET 
RESPONSE | 2026-06-12 20:37:44 | admin | URL=/api/reservations/my/ | 200 
REQUEST | 2026-06-12 20:37:44 | admin | URL=/api/reservations/my/ | GET 
RESPONSE | 2026-06-12 20:37:44 | admin | URL=/api/reservations/my/ | 200 
REQUEST | 2026-06-12 20:37:45 | admin | URL=/api/reservations/my/ | GET 
RESPONSE | 2026-06-12 20:37:45 | admin | URL=/api/reservations/my/ | 200 
REQUEST | 2026-06-12 20:37:46 | admin | URL=/api/reservations/my/ | GET 
RESPONSE | 2026-06-12 20:37:46 | admin | URL=/api/reservations/my/ | 200 
REQUEST | 2026-06-12 20:37:46 | admin | URL=/api/reservations/my/ | GET 
RESPONSE | 2026-06-12 20:37:47 | admin | URL=/api/reservations/my/ | 200 
REQUEST | 2026-06-12 20:37:47 | admin | URL=/api/reservations/my/ | GET 
RESPONSE | 2026-06-12 20:37:47 | admin | URL=/api/reservations/my/ | 200 
REQUEST | 2026-06-12 20:37:48 | admin | URL=/api/reservations/my/ | GET 
RESPONSE | 2026-06-12 20:37:48 | admin | URL=/api/reservations/my/ | 200 
REQUEST | 2026-06-12 20:37:48 | admin | URL=/api/reservations/my/ | GET 
RESPONSE | 2026-06-12 20:37:48 | admin | URL=/api/reservations/my/ | 200 
REQUEST | 2026-06-12 20:37:53 | AnonymousUser | URL=/api/reservations/ | POST 
RESPONSE | 2026-06-12 20:37:54 | AnonymousUser | URL=/api/reservations/ | 201 
REQUEST | 2026-06-12 20:37:58 | admin | URL=/api/reservations/my/ | GET 
RESPONSE | 2026-06-12 20:37:58 | admin | URL=/api/reservations/my/ | 200 
REQUEST | 2026-06-12 20:38:00 | admin | URL=/api/reservations/my/ | GET 
RESPONSE | 2026-06-12 20:38:00 | admin | URL=/api/reservations/my/ | 200 
REQUEST | 2026-06-12 20:38:00 | admin | URL=/api/reservations/my/ | GET 
RESPONSE | 2026-06-12 20:38:00 | admin | URL=/api/reservations/my/ | 200 
REQUEST | 2026-06-15 18:52:49 | admin | URL=/ | GET 
RESPONSE | 2026-06-15 18:52:50 | admin | URL=/ | 200 
REQUEST | 2026-06-15 18:52:51 | admin | URL=/favicon.ico | GET 
RESPONSE | 2026-06-15 18:52:51 | admin | URL=/favicon.ico | 404 
REQUEST | 2026-06-15 18:52:55 | admin | URL=/admin/ | GET 
RESPONSE | 2026-06-15 18:52:56 | admin | URL=/admin/ | 200 
REQUEST | 2026-06-15 18:53:01 | admin | URL=/admin/table/table/ | GET 
RESPONSE | 2026-06-15 18:53:03 | admin | URL=/admin/table/table/ | 200 
REQUEST | 2026-06-15 18:53:04 | admin | URL=/admin/jsi18n/ | GET 
RESPONSE | 2026-06-15 18:53:04 | admin | URL=/admin/jsi18n/ | 200 
REQUEST | 2026-06-15 18:53:10 | admin | URL=/admin/table/table/add/ | GET 
RESPONSE | 2026-06-15 18:53:11 | admin | URL=/admin/table/table/add/ | 200 
REQUEST | 2026-06-15 18:53:11 | admin | URL=/admin/jsi18n/ | GET 
RESPONSE | 2026-06-15 18:53:11 | admin | URL=/admin/jsi18n/ | 200 
REQUEST | 2026-06-15 18:53:15 | admin | URL=/admin/table/table/ | GET 
RESPONSE | 2026-06-15 18:53:16 | admin | URL=/admin/table/table/ | 200 
REQUEST | 2026-06-15 18:53:20 | admin | URL=/admin/table/table/add/ | GET 
RESPONSE | 2026-06-15 18:53:20 | admin | URL=/admin/table/table/add/ | 200 
REQUEST | 2026-06-15 18:53:20 | admin | URL=/admin/jsi18n/ | GET 
RESPONSE | 2026-06-15 18:53:20 | admin | URL=/admin/jsi18n/ | 200 
REQUEST | 2026-06-15 18:53:56 | admin | URL=/admin/table/table/add/ | POST 
RESPONSE | 2026-06-15 18:54:00 | admin | URL=/admin/table/table/add/ | 302 
REQUEST | 2026-06-15 18:54:01 | admin | URL=/admin/table/table/ | GET 
RESPONSE | 2026-06-15 18:54:01 | admin | URL=/admin/table/table/ | 200 
REQUEST | 2026-06-15 18:54:01 | admin | URL=/admin/jsi18n/ | GET 
RESPONSE | 2026-06-15 18:54:02 | admin | URL=/admin/jsi18n/ | 200 
